<?xml version="1.0" encoding="UTF-8"?>
<!-- Generated by org.testng.reporters.JUnitXMLReporter -->
<testsuite name="Command line test d08424b8-ace5-4ded-9d34-a93e00934334" tests="2" failures="1" timestamp="1 Feb 2016 07:20:41 GMT" time="175.888" errors="0">
  <testcase name="@AfterMethod closeBrowser" time="0.0" classname="testcase.Login">
    <failure type="java.lang.NullPointerException">
      <![CDATA[java.lang.NullPointerException
	at testcase.Login.closeBrowser(Login.java:90)
	at framework.Startup.main(Startup.java:72)
... Removed 23 stack frames]]>
    </failure>
  </testcase> <!-- @AfterMethod closeBrowser -->
  <testcase name="startup" time="0.006" classname="testcase.Login"/>
  <testcase name="clickOnAllFeedPageTest" time="173.432" classname="testcase.Sanity">
    <failure type="org.openqa.selenium.WebDriverException" message="Element is not clickable at point (418.5, 78). Other element would receive the click: &amp;lt;span class=&amp;quot;brown&amp;quot;&amp;gt;&amp;lt;/span&amp;gt;
Command duration or timeout: 460 milliseconds
Build info: version: &amp;apos;2.49.0&amp;apos;, revision: &amp;apos;365eeb44deba2067b1761c8862ef21d55250e063&amp;apos;, time: &amp;apos;2016-01-13 11:57:39&amp;apos;
System info: host: &amp;apos;N/A&amp;apos;, ip: &amp;apos;N/A&amp;apos;, os.name: &amp;apos;Linux&amp;apos;, os.arch: &amp;apos;amd64&amp;apos;, os.version: &amp;apos;2.6.32-573.12.1.el6.x86_64&amp;apos;, java.version: &amp;apos;1.7.0_91&amp;apos;
Session ID: 0bdd0fa6-6a4d-4648-b574-9e1390ca2001
Driver info: org.openqa.selenium.firefox.FirefoxDriver
Capabilities [{platform=LINUX, acceptSslCerts=true, javascriptEnabled=true, cssSelectorsEnabled=true, databaseEnabled=true, browserName=firefox, handlesAlerts=true, nativeEvents=false, webStorageEnabled=true, rotatable=false, locationContextEnabled=true, applicationCacheEnabled=true, takesScreenshot=true, version=38.5.0}]">
      <![CDATA[org.openqa.selenium.WebDriverException: Element is not clickable at point (418.5, 78). Other element would receive the click: <span class="brown"></span>
Command duration or timeout: 460 milliseconds
Build info: version: '2.49.0', revision: '365eeb44deba2067b1761c8862ef21d55250e063', time: '2016-01-13 11:57:39'
System info: host: 'N/A', ip: 'N/A', os.name: 'Linux', os.arch: 'amd64', os.version: '2.6.32-573.12.1.el6.x86_64', java.version: '1.7.0_91'
Session ID: 0bdd0fa6-6a4d-4648-b574-9e1390ca2001
Driver info: org.openqa.selenium.firefox.FirefoxDriver
Capabilities [{platform=LINUX, acceptSslCerts=true, javascriptEnabled=true, cssSelectorsEnabled=true, databaseEnabled=true, browserName=firefox, handlesAlerts=true, nativeEvents=false, webStorageEnabled=true, rotatable=false, locationContextEnabled=true, applicationCacheEnabled=true, takesScreenshot=true, version=38.5.0}]
	at org.openqa.selenium.remote.ErrorHandler.createThrowable(ErrorHandler.java:206)
	at org.openqa.selenium.remote.ErrorHandler.throwIfResponseFailed(ErrorHandler.java:158)
	at org.openqa.selenium.remote.RemoteWebDriver.execute(RemoteWebDriver.java:678)
	at org.openqa.selenium.remote.RemoteWebElement.execute(RemoteWebElement.java:327)
	at org.openqa.selenium.remote.RemoteWebElement.click(RemoteWebElement.java:85)
	at pageObjects.HomePage.clickOnAllFeedPages(HomePage.java:346)
	at testcase.Sanity.clickOnAllFeedPageTest(Sanity.java:33)
	at framework.Startup.main(Startup.java:72)
... Removed 25 stack frames]]>
    </failure>
  </testcase> <!-- clickOnAllFeedPageTest -->
</testsuite> <!-- Command line test d08424b8-ace5-4ded-9d34-a93e00934334 -->
