<?xml version="1.0" encoding="UTF-8"?>
<!-- Generated by org.testng.reporters.JUnitXMLReporter -->
<testsuite hostname="shukrani-244" name="Command line test adc77c43-b084-4be0-9802-00ec74dd1fa4" tests="3" failures="1" timestamp="10 Aug 2016 11:54:47 GMT" time="402.108" errors="0">
  <testcase name="@AfterMethod closeBrowser" time="0.0" classname="com.craftsvilla.testcase.Login">
    <failure type="java.lang.NullPointerException">
      <![CDATA[java.lang.NullPointerException
	at com.craftsvilla.testcase.Login.closeBrowser(Login.java:95)
	at com.craftsvilla.framework.Startup.main(Startup.java:81)
	at org.codehaus.mojo.exec.ExecJavaMojo$1.run(ExecJavaMojo.java:293)
	at java.lang.Thread.run(Thread.java:745)
... Removed 27 stack frames]]>
    </failure>
  </testcase> <!-- @AfterMethod closeBrowser -->
  <testcase name="startup" time="0.009" classname="com.craftsvilla.testcase.Login"/>
  <testcase name="codOrderPlaceGuestCheckout" time="198.518" classname="com.craftsvilla.testcase.OrderPlacing"/>
  <testcase name="prepaidOrderWithGuestCheckout" time="193.89" classname="com.craftsvilla.testcase.OrderPlacing">
    <failure type="org.openqa.selenium.NoSuchElementException" message="Unable to locate element: {&amp;quot;method&amp;quot;:&amp;quot;xpath&amp;quot;,&amp;quot;selector&amp;quot;:&amp;quot;.//*[contains(text(),\&amp;quot;Credit\&amp;quot;)][@class=\&amp;quot;ng-binding ng-scope\&amp;quot;]&amp;quot;}
Command duration or timeout: 5.10 seconds
For documentation on this error, please visit: http://seleniumhq.org/exceptions/no_such_element.html
Build info: version: &amp;apos;2.53.0&amp;apos;, revision: &amp;apos;35ae25b1534ae328c771e0856c93e187490ca824&amp;apos;, time: &amp;apos;2016-03-15 10:43:46&amp;apos;
System info: host: &amp;apos;shukrani-244&amp;apos;, ip: &amp;apos;127.0.1.1&amp;apos;, os.name: &amp;apos;Linux&amp;apos;, os.arch: &amp;apos;amd64&amp;apos;, os.version: &amp;apos;3.19.0-25-generic&amp;apos;, java.version: &amp;apos;1.8.0_92&amp;apos;
Driver info: org.openqa.selenium.firefox.FirefoxDriver
Capabilities [{applicationCacheEnabled=true, rotatable=false, handlesAlerts=true, databaseEnabled=true, version=45.0.2, platform=LINUX, nativeEvents=false, acceptSslCerts=true, webStorageEnabled=true, locationContextEnabled=true, browserName=firefox, takesScreenshot=true, javascriptEnabled=true, cssSelectorsEnabled=true}]
Session ID: a9412289-7d8b-4ef8-9b00-7406434729f1
*** Element info: {Using=xpath, value=.//*[contains(text(),&amp;quot;Credit&amp;quot;)][@class=&amp;quot;ng-binding ng-scope&amp;quot;]}">
      <![CDATA[org.openqa.selenium.NoSuchElementException: Unable to locate element: {"method":"xpath","selector":".//*[contains(text(),\"Credit\")][@class=\"ng-binding ng-scope\"]"}
Command duration or timeout: 5.10 seconds
For documentation on this error, please visit: http://seleniumhq.org/exceptions/no_such_element.html
Build info: version: '2.53.0', revision: '35ae25b1534ae328c771e0856c93e187490ca824', time: '2016-03-15 10:43:46'
System info: host: 'shukrani-244', ip: '127.0.1.1', os.name: 'Linux', os.arch: 'amd64', os.version: '3.19.0-25-generic', java.version: '1.8.0_92'
Driver info: org.openqa.selenium.firefox.FirefoxDriver
Capabilities [{applicationCacheEnabled=true, rotatable=false, handlesAlerts=true, databaseEnabled=true, version=45.0.2, platform=LINUX, nativeEvents=false, acceptSslCerts=true, webStorageEnabled=true, locationContextEnabled=true, browserName=firefox, takesScreenshot=true, javascriptEnabled=true, cssSelectorsEnabled=true}]
Session ID: a9412289-7d8b-4ef8-9b00-7406434729f1
*** Element info: {Using=xpath, value=.//*[contains(text(),"Credit")][@class="ng-binding ng-scope"]}
	at org.openqa.selenium.remote.ErrorHandler.createThrowable(ErrorHandler.java:206)
	at org.openqa.selenium.remote.ErrorHandler.throwIfResponseFailed(ErrorHandler.java:158)
	at org.openqa.selenium.remote.RemoteWebDriver.execute(RemoteWebDriver.java:678)
	at org.openqa.selenium.remote.RemoteWebDriver.findElement(RemoteWebDriver.java:363)
	at org.openqa.selenium.remote.RemoteWebDriver.findElementByXPath(RemoteWebDriver.java:500)
	at org.openqa.selenium.By$ByXPath.findElement(By.java:361)
	at org.openqa.selenium.remote.RemoteWebDriver.findElement(RemoteWebDriver.java:355)
	at com.craftsvilla.framework.DriverActions.click(DriverActions.java:33)
	at com.craftsvilla.pageObjects.PaymentPage.click_On_DebitCardOption(PaymentPage.java:10)
	at com.craftsvilla.commonflow.CheckOut.PrePaymentOrderPlace(CheckOut.java:163)
	at com.craftsvilla.testcase.OrderPlacing.prepaidOrderWithGuestCheckout(OrderPlacing.java:52)
	at com.craftsvilla.framework.Startup.main(Startup.java:81)
	at org.codehaus.mojo.exec.ExecJavaMojo$1.run(ExecJavaMojo.java:293)
	at java.lang.Thread.run(Thread.java:745)
Caused by: org.openqa.selenium.NoSuchElementException: Unable to locate element: {"method":"xpath","selector":".//*[contains(text(),\"Credit\")][@class=\"ng-binding ng-scope\"]"}
For documentation on this error, please visit: http://seleniumhq.org/exceptions/no_such_element.html
Build info: version: '2.53.0', revision: '35ae25b1534ae328c771e0856c93e187490ca824', time: '2016-03-15 10:43:46'
System info: host: 'shukrani-244', ip: '127.0.1.1', os.name: 'Linux', os.arch: 'amd64', os.version: '3.19.0-25-generic', java.version: '1.8.0_92'
Driver info: driver.version: unknown
	at <anonymous class>.FirefoxDriver.prototype.findElementInternal_(file:///tmp/anonymous4056575382163267562webdriver-profile/extensions/fxdriver@googlecode.com/components/driver-component.js:10770)
	at <anonymous class>.fxdriver.Timer.prototype.setTimeout/<.notify(file:///tmp/anonymous4056575382163267562webdriver-profile/extensions/fxdriver@googlecode.com/components/driver-component.js:625)
... Removed 29 stack frames]]>
    </failure>
  </testcase> <!-- prepaidOrderWithGuestCheckout -->
</testsuite> <!-- Command line test adc77c43-b084-4be0-9802-00ec74dd1fa4 -->
