<?xml version="1.0" encoding="UTF-8"?>
<!-- Generated by org.testng.reporters.JUnitXMLReporter -->
<testsuite hostname="shukrani-244" name="Command line test 00307291-3d45-4e5a-9c91-9a38915cd18a" tests="27" failures="5" timestamp="9 Aug 2016 10:45:14 GMT" time="9.407" errors="0">
  <testcase name="@AfterMethod closeBrowser" time="0.0" classname="com.craftsvilla.testcase.Cart">
    <failure type="java.lang.NullPointerException">
      <![CDATA[java.lang.NullPointerException
	at com.craftsvilla.framework.FailedTestCases.actionAfterFailedTestcase(FailedTestCases.java:21)
	at com.craftsvilla.testcase.Cart.closeBrowser(Cart.java:362)
	at com.craftsvilla.framework.Startup.main(Startup.java:81)
	at org.codehaus.mojo.exec.ExecJavaMojo$1.run(ExecJavaMojo.java:293)
	at java.lang.Thread.run(Thread.java:745)
... Removed 27 stack frames]]>
    </failure>
  </testcase> <!-- @AfterMethod closeBrowser -->
  <testcase name="@AfterMethod closeBrowser" time="0.0" classname="com.craftsvilla.testcase.Cart">
    <skipped/>
  </testcase> <!-- @AfterMethod closeBrowser -->
  <testcase name="@AfterMethod closeBrowser" time="0.0" classname="com.craftsvilla.testcase.Cart">
    <skipped/>
  </testcase> <!-- @AfterMethod closeBrowser -->
  <testcase name="@AfterMethod closeBrowser" time="0.0" classname="com.craftsvilla.testcase.ForgotPassWordTest">
    <failure type="java.lang.NullPointerException">
      <![CDATA[java.lang.NullPointerException
	at com.craftsvilla.framework.FailedTestCases.actionAfterFailedTestcase(FailedTestCases.java:21)
	at com.craftsvilla.testcase.ForgotPassWordTest.closeBrowser(ForgotPassWordTest.java:58)
	at com.craftsvilla.framework.Startup.main(Startup.java:81)
	at org.codehaus.mojo.exec.ExecJavaMojo$1.run(ExecJavaMojo.java:293)
	at java.lang.Thread.run(Thread.java:745)
... Removed 27 stack frames]]>
    </failure>
  </testcase> <!-- @AfterMethod closeBrowser -->
  <testcase name="@AfterMethod closeBrowser" time="0.0" classname="com.craftsvilla.testcase.ForgotPassWordTest">
    <skipped/>
  </testcase> <!-- @AfterMethod closeBrowser -->
  <testcase name="@AfterMethod closeBrowser" time="0.0" classname="com.craftsvilla.testcase.WishList">
    <failure type="java.lang.NullPointerException">
      <![CDATA[java.lang.NullPointerException
	at com.craftsvilla.framework.FailedTestCases.actionAfterFailedTestcase(FailedTestCases.java:21)
	at com.craftsvilla.testcase.WishList.closeBrowser(WishList.java:320)
	at com.craftsvilla.framework.Startup.main(Startup.java:81)
	at org.codehaus.mojo.exec.ExecJavaMojo$1.run(ExecJavaMojo.java:293)
	at java.lang.Thread.run(Thread.java:745)
... Removed 27 stack frames]]>
    </failure>
  </testcase> <!-- @AfterMethod closeBrowser -->
  <testcase name="@AfterMethod closeBrowser" time="0.0" classname="com.craftsvilla.testcase.WishList">
    <skipped/>
  </testcase> <!-- @AfterMethod closeBrowser -->
  <testcase name="@AfterMethod closeBrowser" time="0.0" classname="com.craftsvilla.testcase.WishList">
    <skipped/>
  </testcase> <!-- @AfterMethod closeBrowser -->
  <testcase name="@AfterMethod closeBrowser" time="0.0" classname="com.craftsvilla.testcase.WishList">
    <skipped/>
  </testcase> <!-- @AfterMethod closeBrowser -->
  <testcase name="@AfterMethod closeBrowser" time="0.0" classname="com.craftsvilla.testcase.WishList">
    <skipped/>
  </testcase> <!-- @AfterMethod closeBrowser -->
  <testcase name="@AfterMethod closeBrowser" time="0.0" classname="com.craftsvilla.testcase.WishList">
    <skipped/>
  </testcase> <!-- @AfterMethod closeBrowser -->
  <testcase name="@AfterMethod closeBrowser" time="0.0" classname="com.craftsvilla.testcase.Login">
    <failure type="java.lang.NullPointerException">
      <![CDATA[java.lang.NullPointerException
	at com.craftsvilla.framework.FailedTestCases.actionAfterFailedTestcase(FailedTestCases.java:21)
	at com.craftsvilla.testcase.Login.closeBrowser(Login.java:93)
	at com.craftsvilla.framework.Startup.main(Startup.java:81)
	at org.codehaus.mojo.exec.ExecJavaMojo$1.run(ExecJavaMojo.java:293)
	at java.lang.Thread.run(Thread.java:745)
... Removed 27 stack frames]]>
    </failure>
  </testcase> <!-- @AfterMethod closeBrowser -->
  <testcase name="@AfterMethod closeBrowser" time="0.0" classname="com.craftsvilla.testcase.Login">
    <skipped/>
  </testcase> <!-- @AfterMethod closeBrowser -->
  <testcase name="@AfterMethod closeBrowser" time="0.0" classname="com.craftsvilla.testcase.Login">
    <skipped/>
  </testcase> <!-- @AfterMethod closeBrowser -->
  <testcase name="@AfterMethod closeBrowser" time="0.0" classname="com.craftsvilla.testcase.Sanity">
    <failure type="java.lang.NullPointerException">
      <![CDATA[java.lang.NullPointerException
	at com.craftsvilla.framework.FailedTestCases.actionAfterFailedTestcase(FailedTestCases.java:21)
	at com.craftsvilla.testcase.Sanity.closeBrowser(Sanity.java:249)
	at com.craftsvilla.framework.Startup.main(Startup.java:81)
	at org.codehaus.mojo.exec.ExecJavaMojo$1.run(ExecJavaMojo.java:293)
	at java.lang.Thread.run(Thread.java:745)
... Removed 27 stack frames]]>
    </failure>
  </testcase> <!-- @AfterMethod closeBrowser -->
  <testcase name="@AfterMethod closeBrowser" time="0.0" classname="com.craftsvilla.testcase.Sanity">
    <skipped/>
  </testcase> <!-- @AfterMethod closeBrowser -->
  <testcase name="@AfterMethod closeBrowser" time="0.0" classname="com.craftsvilla.testcase.Sanity">
    <skipped/>
  </testcase> <!-- @AfterMethod closeBrowser -->
  <testcase name="@AfterMethod closeBrowser" time="0.0" classname="com.craftsvilla.testcase.Sanity">
    <skipped/>
  </testcase> <!-- @AfterMethod closeBrowser -->
  <testcase name="@AfterMethod closeBrowser" time="0.0" classname="com.craftsvilla.testcase.Sanity">
    <skipped/>
  </testcase> <!-- @AfterMethod closeBrowser -->
  <testcase name="@AfterMethod closeBrowser" time="0.0" classname="com.craftsvilla.testcase.Sanity">
    <skipped/>
  </testcase> <!-- @AfterMethod closeBrowser -->
  <testcase name="@AfterMethod closeBrowser" time="0.0" classname="com.craftsvilla.testcase.Sanity">
    <skipped/>
  </testcase> <!-- @AfterMethod closeBrowser -->
  <testcase name="@AfterMethod closeBrowser" time="0.0" classname="com.craftsvilla.testcase.Sanity">
    <skipped/>
  </testcase> <!-- @AfterMethod closeBrowser -->
  <testcase name="@AfterMethod closeBrowser" time="0.0" classname="com.craftsvilla.testcase.Sanity">
    <skipped/>
  </testcase> <!-- @AfterMethod closeBrowser -->
  <testcase name="@AfterMethod closeBrowser" time="0.0" classname="com.craftsvilla.testcase.Sanity">
    <skipped/>
  </testcase> <!-- @AfterMethod closeBrowser -->
  <testcase name="@AfterMethod closeBrowser" time="0.0" classname="com.craftsvilla.testcase.Sanity">
    <skipped/>
  </testcase> <!-- @AfterMethod closeBrowser -->
  <testcase name="@AfterMethod closeBrowser" time="0.0" classname="com.craftsvilla.testcase.Sanity">
    <skipped/>
  </testcase> <!-- @AfterMethod closeBrowser -->
  <testcase name="@AfterMethod closeBrowser" time="0.0" classname="com.craftsvilla.testcase.Sanity">
    <skipped/>
  </testcase> <!-- @AfterMethod closeBrowser -->
  <testcase name="testAddnotetoseller" time="3.371" classname="com.craftsvilla.testcase.Cart">
    <failure type="org.openqa.selenium.WebDriverException" message="OS/Browser combination invalid: {&amp;quot;browserName&amp;quot;=&amp;gt;&amp;quot;BrowserName&amp;quot;, &amp;quot;language&amp;quot;=&amp;gt;&amp;quot;Apache-HttpClient/4.3.6 (java 1.5)&amp;quot;, &amp;quot;browser&amp;quot;=&amp;gt;&amp;quot;BrowserName&amp;quot;, &amp;quot;acceptSslCert&amp;quot;=&amp;gt;false, &amp;quot;version&amp;quot;=&amp;gt;&amp;quot;Version&amp;quot;, &amp;quot;build&amp;quot;=&amp;gt;&amp;quot;TestNG - Sample&amp;quot;} (WARNING: The server did not provide any stacktrace information)
Command duration or timeout: 2.88 seconds
Build info: version: &amp;apos;2.53.0&amp;apos;, revision: &amp;apos;35ae25b1534ae328c771e0856c93e187490ca824&amp;apos;, time: &amp;apos;2016-03-15 10:43:46&amp;apos;
System info: host: &amp;apos;shukrani-244&amp;apos;, ip: &amp;apos;127.0.1.1&amp;apos;, os.name: &amp;apos;Linux&amp;apos;, os.arch: &amp;apos;amd64&amp;apos;, os.version: &amp;apos;3.19.0-25-generic&amp;apos;, java.version: &amp;apos;1.8.0_92&amp;apos;
Driver info: org.openqa.selenium.remote.RemoteWebDriver">
      <![CDATA[org.openqa.selenium.WebDriverException: OS/Browser combination invalid: {"browserName"=>"BrowserName", "language"=>"Apache-HttpClient/4.3.6 (java 1.5)", "browser"=>"BrowserName", "acceptSslCert"=>false, "version"=>"Version", "build"=>"TestNG - Sample"} (WARNING: The server did not provide any stacktrace information)
Command duration or timeout: 2.88 seconds
Build info: version: '2.53.0', revision: '35ae25b1534ae328c771e0856c93e187490ca824', time: '2016-03-15 10:43:46'
System info: host: 'shukrani-244', ip: '127.0.1.1', os.name: 'Linux', os.arch: 'amd64', os.version: '3.19.0-25-generic', java.version: '1.8.0_92'
Driver info: org.openqa.selenium.remote.RemoteWebDriver
	at org.openqa.selenium.remote.ErrorHandler.createThrowable(ErrorHandler.java:206)
	at org.openqa.selenium.remote.ErrorHandler.throwIfResponseFailed(ErrorHandler.java:158)
	at org.openqa.selenium.remote.RemoteWebDriver.execute(RemoteWebDriver.java:678)
	at org.openqa.selenium.remote.RemoteWebDriver.startSession(RemoteWebDriver.java:249)
	at org.openqa.selenium.remote.RemoteWebDriver.<init>(RemoteWebDriver.java:131)
	at org.openqa.selenium.remote.RemoteWebDriver.<init>(RemoteWebDriver.java:158)
	at com.craftsvilla.framework.DriverSelector.getDriver_browserstacknew(DriverSelector.java:113)
	at com.craftsvilla.testcase.Cart.testAddnotetoseller(Cart.java:32)
	at com.craftsvilla.framework.Startup.main(Startup.java:81)
	at org.codehaus.mojo.exec.ExecJavaMojo$1.run(ExecJavaMojo.java:293)
	at java.lang.Thread.run(Thread.java:745)
... Removed 29 stack frames]]>
    </failure>
  </testcase> <!-- testAddnotetoseller -->
  <testcase name="testcontinueshoppingbutton_oncartpage" time="0.0" classname="com.craftsvilla.testcase.Cart">
    <skipped/>
  </testcase> <!-- testcontinueshoppingbutton_oncartpage -->
  <testcase name="testeditsnotetoseller" time="0.0" classname="com.craftsvilla.testcase.Cart">
    <skipped/>
  </testcase> <!-- testeditsnotetoseller -->
  <testcase name="forgotPassWordEmailValidationTest" time="1.923" classname="com.craftsvilla.testcase.ForgotPassWordTest">
    <failure type="org.openqa.selenium.WebDriverException" message="OS/Browser combination invalid: {&amp;quot;language&amp;quot;=&amp;gt;&amp;quot;Apache-HttpClient/4.3.6 (java 1.5)&amp;quot;, &amp;quot;browserName&amp;quot;=&amp;gt;&amp;quot;BrowserName&amp;quot;, &amp;quot;build&amp;quot;=&amp;gt;&amp;quot;TestNG - Sample&amp;quot;, &amp;quot;version&amp;quot;=&amp;gt;&amp;quot;Version&amp;quot;, &amp;quot;acceptSslCert&amp;quot;=&amp;gt;false, &amp;quot;browser&amp;quot;=&amp;gt;&amp;quot;BrowserName&amp;quot;} (WARNING: The server did not provide any stacktrace information)
Command duration or timeout: 1.92 seconds
Build info: version: &amp;apos;2.53.0&amp;apos;, revision: &amp;apos;35ae25b1534ae328c771e0856c93e187490ca824&amp;apos;, time: &amp;apos;2016-03-15 10:43:46&amp;apos;
System info: host: &amp;apos;shukrani-244&amp;apos;, ip: &amp;apos;127.0.1.1&amp;apos;, os.name: &amp;apos;Linux&amp;apos;, os.arch: &amp;apos;amd64&amp;apos;, os.version: &amp;apos;3.19.0-25-generic&amp;apos;, java.version: &amp;apos;1.8.0_92&amp;apos;
Driver info: org.openqa.selenium.remote.RemoteWebDriver">
      <![CDATA[org.openqa.selenium.WebDriverException: OS/Browser combination invalid: {"language"=>"Apache-HttpClient/4.3.6 (java 1.5)", "browserName"=>"BrowserName", "build"=>"TestNG - Sample", "version"=>"Version", "acceptSslCert"=>false, "browser"=>"BrowserName"} (WARNING: The server did not provide any stacktrace information)
Command duration or timeout: 1.92 seconds
Build info: version: '2.53.0', revision: '35ae25b1534ae328c771e0856c93e187490ca824', time: '2016-03-15 10:43:46'
System info: host: 'shukrani-244', ip: '127.0.1.1', os.name: 'Linux', os.arch: 'amd64', os.version: '3.19.0-25-generic', java.version: '1.8.0_92'
Driver info: org.openqa.selenium.remote.RemoteWebDriver
	at org.openqa.selenium.remote.ErrorHandler.createThrowable(ErrorHandler.java:206)
	at org.openqa.selenium.remote.ErrorHandler.throwIfResponseFailed(ErrorHandler.java:158)
	at org.openqa.selenium.remote.RemoteWebDriver.execute(RemoteWebDriver.java:678)
	at org.openqa.selenium.remote.RemoteWebDriver.startSession(RemoteWebDriver.java:249)
	at org.openqa.selenium.remote.RemoteWebDriver.<init>(RemoteWebDriver.java:131)
	at org.openqa.selenium.remote.RemoteWebDriver.<init>(RemoteWebDriver.java:158)
	at com.craftsvilla.framework.DriverSelector.getDriver_browserstacknew(DriverSelector.java:113)
	at com.craftsvilla.testcase.ForgotPassWordTest.forgotPassWordEmailValidationTest(ForgotPassWordTest.java:45)
	at com.craftsvilla.framework.Startup.main(Startup.java:81)
	at org.codehaus.mojo.exec.ExecJavaMojo$1.run(ExecJavaMojo.java:293)
	at java.lang.Thread.run(Thread.java:745)
... Removed 29 stack frames]]>
    </failure>
  </testcase> <!-- forgotPassWordEmailValidationTest -->
  <testcase name="testforgotPassWord" time="0.0" classname="com.craftsvilla.testcase.ForgotPassWordTest">
    <skipped/>
  </testcase> <!-- testforgotPassWord -->
  <testcase name="addProductToWishlistTestfromcategory" time="1.316" classname="com.craftsvilla.testcase.WishList">
    <failure type="org.openqa.selenium.WebDriverException" message="OS/Browser combination invalid: {&amp;quot;browserName&amp;quot;=&amp;gt;&amp;quot;BrowserName&amp;quot;, &amp;quot;version&amp;quot;=&amp;gt;&amp;quot;Version&amp;quot;, &amp;quot;language&amp;quot;=&amp;gt;&amp;quot;Apache-HttpClient/4.3.6 (java 1.5)&amp;quot;, &amp;quot;acceptSslCert&amp;quot;=&amp;gt;false, &amp;quot;build&amp;quot;=&amp;gt;&amp;quot;TestNG - Sample&amp;quot;, &amp;quot;browser&amp;quot;=&amp;gt;&amp;quot;BrowserName&amp;quot;} (WARNING: The server did not provide any stacktrace information)
Command duration or timeout: 1.31 seconds
Build info: version: &amp;apos;2.53.0&amp;apos;, revision: &amp;apos;35ae25b1534ae328c771e0856c93e187490ca824&amp;apos;, time: &amp;apos;2016-03-15 10:43:46&amp;apos;
System info: host: &amp;apos;shukrani-244&amp;apos;, ip: &amp;apos;127.0.1.1&amp;apos;, os.name: &amp;apos;Linux&amp;apos;, os.arch: &amp;apos;amd64&amp;apos;, os.version: &amp;apos;3.19.0-25-generic&amp;apos;, java.version: &amp;apos;1.8.0_92&amp;apos;
Driver info: org.openqa.selenium.remote.RemoteWebDriver">
      <![CDATA[org.openqa.selenium.WebDriverException: OS/Browser combination invalid: {"browserName"=>"BrowserName", "version"=>"Version", "language"=>"Apache-HttpClient/4.3.6 (java 1.5)", "acceptSslCert"=>false, "build"=>"TestNG - Sample", "browser"=>"BrowserName"} (WARNING: The server did not provide any stacktrace information)
Command duration or timeout: 1.31 seconds
Build info: version: '2.53.0', revision: '35ae25b1534ae328c771e0856c93e187490ca824', time: '2016-03-15 10:43:46'
System info: host: 'shukrani-244', ip: '127.0.1.1', os.name: 'Linux', os.arch: 'amd64', os.version: '3.19.0-25-generic', java.version: '1.8.0_92'
Driver info: org.openqa.selenium.remote.RemoteWebDriver
	at org.openqa.selenium.remote.ErrorHandler.createThrowable(ErrorHandler.java:206)
	at org.openqa.selenium.remote.ErrorHandler.throwIfResponseFailed(ErrorHandler.java:158)
	at org.openqa.selenium.remote.RemoteWebDriver.execute(RemoteWebDriver.java:678)
	at org.openqa.selenium.remote.RemoteWebDriver.startSession(RemoteWebDriver.java:249)
	at org.openqa.selenium.remote.RemoteWebDriver.<init>(RemoteWebDriver.java:131)
	at org.openqa.selenium.remote.RemoteWebDriver.<init>(RemoteWebDriver.java:158)
	at com.craftsvilla.framework.DriverSelector.getDriver_browserstacknew(DriverSelector.java:113)
	at com.craftsvilla.testcase.WishList.addProductToWishlistTestfromcategory(WishList.java:236)
	at com.craftsvilla.framework.Startup.main(Startup.java:81)
	at org.codehaus.mojo.exec.ExecJavaMojo$1.run(ExecJavaMojo.java:293)
	at java.lang.Thread.run(Thread.java:745)
... Removed 29 stack frames]]>
    </failure>
  </testcase> <!-- addProductToWishlistTestfromcategory -->
  <testcase name="testaddwishlistdate" time="0.0" classname="com.craftsvilla.testcase.WishList">
    <skipped/>
  </testcase> <!-- testaddwishlistdate -->
  <testcase name="testbackButtonOnnwishlistpage" time="0.0" classname="com.craftsvilla.testcase.WishList">
    <skipped/>
  </testcase> <!-- testbackButtonOnnwishlistpage -->
  <testcase name="testdeletefirstproductfromWishList" time="0.0" classname="com.craftsvilla.testcase.WishList">
    <skipped/>
  </testcase> <!-- testdeletefirstproductfromWishList -->
  <testcase name="testforupdateWishList" time="0.0" classname="com.craftsvilla.testcase.WishList">
    <skipped/>
  </testcase> <!-- testforupdateWishList -->
  <testcase name="testshareWishList" time="0.0" classname="com.craftsvilla.testcase.WishList">
    <skipped/>
  </testcase> <!-- testshareWishList -->
  <testcase name="RegisterTest" time="1.06" classname="com.craftsvilla.testcase.Login">
    <failure type="org.openqa.selenium.WebDriverException" message="OS/Browser combination invalid: {&amp;quot;browserName&amp;quot;=&amp;gt;&amp;quot;BrowserName&amp;quot;, &amp;quot;language&amp;quot;=&amp;gt;&amp;quot;Apache-HttpClient/4.3.6 (java 1.5)&amp;quot;, &amp;quot;browser&amp;quot;=&amp;gt;&amp;quot;BrowserName&amp;quot;, &amp;quot;acceptSslCert&amp;quot;=&amp;gt;false, &amp;quot;version&amp;quot;=&amp;gt;&amp;quot;Version&amp;quot;, &amp;quot;build&amp;quot;=&amp;gt;&amp;quot;TestNG - Sample&amp;quot;} (WARNING: The server did not provide any stacktrace information)
Command duration or timeout: 1.06 seconds
Build info: version: &amp;apos;2.53.0&amp;apos;, revision: &amp;apos;35ae25b1534ae328c771e0856c93e187490ca824&amp;apos;, time: &amp;apos;2016-03-15 10:43:46&amp;apos;
System info: host: &amp;apos;shukrani-244&amp;apos;, ip: &amp;apos;127.0.1.1&amp;apos;, os.name: &amp;apos;Linux&amp;apos;, os.arch: &amp;apos;amd64&amp;apos;, os.version: &amp;apos;3.19.0-25-generic&amp;apos;, java.version: &amp;apos;1.8.0_92&amp;apos;
Driver info: org.openqa.selenium.remote.RemoteWebDriver">
      <![CDATA[org.openqa.selenium.WebDriverException: OS/Browser combination invalid: {"browserName"=>"BrowserName", "language"=>"Apache-HttpClient/4.3.6 (java 1.5)", "browser"=>"BrowserName", "acceptSslCert"=>false, "version"=>"Version", "build"=>"TestNG - Sample"} (WARNING: The server did not provide any stacktrace information)
Command duration or timeout: 1.06 seconds
Build info: version: '2.53.0', revision: '35ae25b1534ae328c771e0856c93e187490ca824', time: '2016-03-15 10:43:46'
System info: host: 'shukrani-244', ip: '127.0.1.1', os.name: 'Linux', os.arch: 'amd64', os.version: '3.19.0-25-generic', java.version: '1.8.0_92'
Driver info: org.openqa.selenium.remote.RemoteWebDriver
	at org.openqa.selenium.remote.ErrorHandler.createThrowable(ErrorHandler.java:206)
	at org.openqa.selenium.remote.ErrorHandler.throwIfResponseFailed(ErrorHandler.java:158)
	at org.openqa.selenium.remote.RemoteWebDriver.execute(RemoteWebDriver.java:678)
	at org.openqa.selenium.remote.RemoteWebDriver.startSession(RemoteWebDriver.java:249)
	at org.openqa.selenium.remote.RemoteWebDriver.<init>(RemoteWebDriver.java:131)
	at org.openqa.selenium.remote.RemoteWebDriver.<init>(RemoteWebDriver.java:158)
	at com.craftsvilla.framework.DriverSelector.getDriver_browserstacknew(DriverSelector.java:113)
	at com.craftsvilla.testcase.Login.RegisterTest(Login.java:42)
	at com.craftsvilla.framework.Startup.main(Startup.java:81)
	at org.codehaus.mojo.exec.ExecJavaMojo$1.run(ExecJavaMojo.java:293)
	at java.lang.Thread.run(Thread.java:745)
... Removed 29 stack frames]]>
    </failure>
  </testcase> <!-- RegisterTest -->
  <testcase name="loginTest" time="0.001" classname="com.craftsvilla.testcase.Login">
    <skipped/>
  </testcase> <!-- loginTest -->
  <testcase name="startup" time="0.0" classname="com.craftsvilla.testcase.Login">
    <skipped/>
  </testcase> <!-- startup -->
  <testcase name="testASCPriceSortingOnCategoryPage" time="1.7" classname="com.craftsvilla.testcase.Sanity">
    <failure type="org.openqa.selenium.WebDriverException" message="OS/Browser combination invalid: {&amp;quot;acceptSslCert&amp;quot;=&amp;gt;false, &amp;quot;language&amp;quot;=&amp;gt;&amp;quot;Apache-HttpClient/4.3.6 (java 1.5)&amp;quot;, &amp;quot;version&amp;quot;=&amp;gt;&amp;quot;Version&amp;quot;, &amp;quot;build&amp;quot;=&amp;gt;&amp;quot;TestNG - Sample&amp;quot;, &amp;quot;browser&amp;quot;=&amp;gt;&amp;quot;BrowserName&amp;quot;, &amp;quot;browserName&amp;quot;=&amp;gt;&amp;quot;BrowserName&amp;quot;} (WARNING: The server did not provide any stacktrace information)
Command duration or timeout: 1.70 seconds
Build info: version: &amp;apos;2.53.0&amp;apos;, revision: &amp;apos;35ae25b1534ae328c771e0856c93e187490ca824&amp;apos;, time: &amp;apos;2016-03-15 10:43:46&amp;apos;
System info: host: &amp;apos;shukrani-244&amp;apos;, ip: &amp;apos;127.0.1.1&amp;apos;, os.name: &amp;apos;Linux&amp;apos;, os.arch: &amp;apos;amd64&amp;apos;, os.version: &amp;apos;3.19.0-25-generic&amp;apos;, java.version: &amp;apos;1.8.0_92&amp;apos;
Driver info: org.openqa.selenium.remote.RemoteWebDriver">
      <![CDATA[org.openqa.selenium.WebDriverException: OS/Browser combination invalid: {"acceptSslCert"=>false, "language"=>"Apache-HttpClient/4.3.6 (java 1.5)", "version"=>"Version", "build"=>"TestNG - Sample", "browser"=>"BrowserName", "browserName"=>"BrowserName"} (WARNING: The server did not provide any stacktrace information)
Command duration or timeout: 1.70 seconds
Build info: version: '2.53.0', revision: '35ae25b1534ae328c771e0856c93e187490ca824', time: '2016-03-15 10:43:46'
System info: host: 'shukrani-244', ip: '127.0.1.1', os.name: 'Linux', os.arch: 'amd64', os.version: '3.19.0-25-generic', java.version: '1.8.0_92'
Driver info: org.openqa.selenium.remote.RemoteWebDriver
	at org.openqa.selenium.remote.ErrorHandler.createThrowable(ErrorHandler.java:206)
	at org.openqa.selenium.remote.ErrorHandler.throwIfResponseFailed(ErrorHandler.java:158)
	at org.openqa.selenium.remote.RemoteWebDriver.execute(RemoteWebDriver.java:678)
	at org.openqa.selenium.remote.RemoteWebDriver.startSession(RemoteWebDriver.java:249)
	at org.openqa.selenium.remote.RemoteWebDriver.<init>(RemoteWebDriver.java:131)
	at org.openqa.selenium.remote.RemoteWebDriver.<init>(RemoteWebDriver.java:158)
	at com.craftsvilla.framework.DriverSelector.getDriver_browserstacknew(DriverSelector.java:113)
	at com.craftsvilla.testcase.Sanity.testASCPriceSortingOnCategoryPage(Sanity.java:136)
	at com.craftsvilla.framework.Startup.main(Startup.java:81)
	at org.codehaus.mojo.exec.ExecJavaMojo$1.run(ExecJavaMojo.java:293)
	at java.lang.Thread.run(Thread.java:745)
... Removed 29 stack frames]]>
    </failure>
  </testcase> <!-- testASCPriceSortingOnCategoryPage -->
  <testcase name="testDSCPriceSortingOnCategoryPage" time="0.0" classname="com.craftsvilla.testcase.Sanity">
    <skipped/>
  </testcase> <!-- testDSCPriceSortingOnCategoryPage -->
  <testcase name="testdiscountFilterAbove10_OnCategoryPage" time="0.0" classname="com.craftsvilla.testcase.Sanity">
    <skipped/>
  </testcase> <!-- testdiscountFilterAbove10_OnCategoryPage -->
  <testcase name="testdiscountFilterAbove20_OnCategoryPage" time="0.0" classname="com.craftsvilla.testcase.Sanity">
    <skipped/>
  </testcase> <!-- testdiscountFilterAbove20_OnCategoryPage -->
  <testcase name="testdiscountFilterAbove30_OnCategoryPage" time="0.0" classname="com.craftsvilla.testcase.Sanity">
    <skipped/>
  </testcase> <!-- testdiscountFilterAbove30_OnCategoryPage -->
  <testcase name="testdiscountFilterAbove40_OnCategoryPage" time="0.0" classname="com.craftsvilla.testcase.Sanity">
    <skipped/>
  </testcase> <!-- testdiscountFilterAbove40_OnCategoryPage -->
  <testcase name="testdiscountFilterAbove50_OnCategoryPage" time="0.0" classname="com.craftsvilla.testcase.Sanity">
    <skipped/>
  </testcase> <!-- testdiscountFilterAbove50_OnCategoryPage -->
  <testcase name="verifyPriceFilter0_500CategoryPageTest" time="0.0" classname="com.craftsvilla.testcase.Sanity">
    <skipped/>
  </testcase> <!-- verifyPriceFilter0_500CategoryPageTest -->
  <testcase name="verifyPriceFilter2000_5000SearchPageTest" time="0.0" classname="com.craftsvilla.testcase.Sanity">
    <skipped/>
  </testcase> <!-- verifyPriceFilter2000_5000SearchPageTest -->
  <testcase name="verifyPriceFilterAbove5000SearchPageTest" time="0.0" classname="com.craftsvilla.testcase.Sanity">
    <skipped/>
  </testcase> <!-- verifyPriceFilterAbove5000SearchPageTest -->
  <testcase name="verifypriceFilter1000_2000CategoryPage" time="0.0" classname="com.craftsvilla.testcase.Sanity">
    <skipped/>
  </testcase> <!-- verifypriceFilter1000_2000CategoryPage -->
  <testcase name="verifypriceFilter1000_2000SearchPage" time="0.0" classname="com.craftsvilla.testcase.Sanity">
    <skipped/>
  </testcase> <!-- verifypriceFilter1000_2000SearchPage -->
  <testcase name="verifypriceFilter500_1000CategoryPage" time="0.0" classname="com.craftsvilla.testcase.Sanity">
    <skipped/>
  </testcase> <!-- verifypriceFilter500_1000CategoryPage -->
</testsuite> <!-- Command line test 00307291-3d45-4e5a-9c91-9a38915cd18a -->
