<html>
<head>
<title>TestNG:  Command line test 00307291-3d45-4e5a-9c91-9a38915cd18a</title>
<link href="../testng.css" rel="stylesheet" type="text/css" />
<link href="../my-testng.css" rel="stylesheet" type="text/css" />

<style type="text/css">
.log { display: none;} 
.stack-trace { display: none;} 
</style>
<script type="text/javascript">
<!--
function flip(e) {
  current = e.style.display;
  if (current == 'block') {
    e.style.display = 'none';
    return 0;
  }
  else {
    e.style.display = 'block';
    return 1;
  }
}

function toggleBox(szDivId, elem, msg1, msg2)
{
  var res = -1;  if (document.getElementById) {
    res = flip(document.getElementById(szDivId));
  }
  else if (document.all) {
    // this is the way old msie versions work
    res = flip(document.all[szDivId]);
  }
  if(elem) {
    if(res == 0) elem.innerHTML = msg1; else elem.innerHTML = msg2;
  }

}

function toggleAllBoxes() {
  if (document.getElementsByTagName) {
    d = document.getElementsByTagName('div');
    for (i = 0; i < d.length; i++) {
      if (d[i].className == 'log') {
        flip(d[i]);
      }
    }
  }
}

// -->
</script>

</head>
<body>
<h2 align='center'>Command line test 00307291-3d45-4e5a-9c91-9a38915cd18a</h2><table border='1' align="center">
<tr>
<td>Tests passed/Failed/Skipped:</td><td>0/5/22</td>
</tr><tr>
<td>Started on:</td><td>Tue Aug 09 16:15:04 IST 2016</td>
</tr>
<tr><td>Total time:</td><td>9 seconds (9407 ms)</td>
</tr><tr>
<td>Included groups:</td><td></td>
</tr><tr>
<td>Excluded groups:</td><td></td>
</tr>
</table><p/>
<small><i>(Hover the method name to see the test class name)</i></small><p/>
<table width='100%' border='1' class='invocation-failed'>
<tr><td colspan='4' align='center'><b>FAILED CONFIGURATIONS</b></td></tr>
<tr><td><b>Test method</b></td>
<td width="30%"><b>Exception</b></td>
<td width="10%"><b>Time (seconds)</b></td>
<td><b>Instance</b></td>
</tr>
<tr>
<td title='com.craftsvilla.testcase.Cart.closeBrowser()'><b>closeBrowser</b><br>Test class: com.craftsvilla.testcase.Cart<br>Parameters: [TestResult name=testAddnotetoseller status=FAILURE method=Cart.testAddnotetoseller()[pri:0, instance:com.craftsvilla.testcase.Cart@141f98bd] output={null}]</td>
<td><div><pre>java.lang.NullPointerException
	at com.craftsvilla.framework.FailedTestCases.actionAfterFailedTestcase(FailedTestCases.java:21)
	at com.craftsvilla.testcase.Cart.closeBrowser(Cart.java:362)
	at com.craftsvilla.framework.Startup.main(Startup.java:81)
	at org.codehaus.mojo.exec.ExecJavaMojo$1.run(ExecJavaMojo.java:293)
	at java.lang.Thread.run(Thread.java:745)
... Removed 27 stack frames</pre></div><a href='#' onClick='toggleBox("stack-trace1169798504", this, "Click to show all stack frames", "Click to hide stack frames")'>Click to show all stack frames</a>
<div class='stack-trace' id='stack-trace1169798504'><pre>java.lang.NullPointerException
	at com.craftsvilla.framework.FailedTestCases.actionAfterFailedTestcase(FailedTestCases.java:21)
	at com.craftsvilla.testcase.Cart.closeBrowser(Cart.java:362)
	at sun.reflect.NativeMethodAccessorImpl.invoke0(Native Method)
	at sun.reflect.NativeMethodAccessorImpl.invoke(NativeMethodAccessorImpl.java:62)
	at sun.reflect.DelegatingMethodAccessorImpl.invoke(DelegatingMethodAccessorImpl.java:43)
	at java.lang.reflect.Method.invoke(Method.java:498)
	at org.testng.internal.MethodInvocationHelper.invokeMethod(MethodInvocationHelper.java:86)
	at org.testng.internal.Invoker.invokeConfigurationMethod(Invoker.java:514)
	at org.testng.internal.Invoker.invokeConfigurations(Invoker.java:215)
	at org.testng.internal.Invoker.invokeMethod(Invoker.java:707)
	at org.testng.internal.Invoker.invokeTestMethod(Invoker.java:820)
	at org.testng.internal.Invoker.invokeTestMethods(Invoker.java:1128)
	at org.testng.internal.TestMethodWorker.invokeTestMethods(TestMethodWorker.java:129)
	at org.testng.internal.TestMethodWorker.run(TestMethodWorker.java:112)
	at org.testng.TestRunner.privateRun(TestRunner.java:782)
	at org.testng.TestRunner.run(TestRunner.java:632)
	at org.testng.SuiteRunner.runTest(SuiteRunner.java:366)
	at org.testng.SuiteRunner.runSequentially(SuiteRunner.java:361)
	at org.testng.SuiteRunner.privateRun(SuiteRunner.java:319)
	at org.testng.SuiteRunner.run(SuiteRunner.java:268)
	at org.testng.SuiteRunnerWorker.runSuite(SuiteRunnerWorker.java:52)
	at org.testng.SuiteRunnerWorker.run(SuiteRunnerWorker.java:86)
	at org.testng.TestNG.runSuitesSequentially(TestNG.java:1244)
	at org.testng.TestNG.runSuitesLocally(TestNG.java:1169)
	at org.testng.TestNG.run(TestNG.java:1064)
	at com.craftsvilla.framework.Startup.main(Startup.java:81)
	at sun.reflect.NativeMethodAccessorImpl.invoke0(Native Method)
	at sun.reflect.NativeMethodAccessorImpl.invoke(NativeMethodAccessorImpl.java:62)
	at sun.reflect.DelegatingMethodAccessorImpl.invoke(DelegatingMethodAccessorImpl.java:43)
	at java.lang.reflect.Method.invoke(Method.java:498)
	at org.codehaus.mojo.exec.ExecJavaMojo$1.run(ExecJavaMojo.java:293)
	at java.lang.Thread.run(Thread.java:745)
</pre></div></td>
<td>0</td>
<td>com.craftsvilla.testcase.Cart@141f98bd</td></tr>
<tr>
<td title='com.craftsvilla.testcase.ForgotPassWordTest.closeBrowser()'><b>closeBrowser</b><br>Test class: com.craftsvilla.testcase.ForgotPassWordTest<br>Parameters: [TestResult name=forgotPassWordEmailValidationTest status=FAILURE method=ForgotPassWordTest.forgotPassWordEmailValidationTest()[pri:0, instance:com.craftsvilla.testcase.ForgotPassWordTest@42daa695] output={null}]</td>
<td><div><pre>java.lang.NullPointerException
	at com.craftsvilla.framework.FailedTestCases.actionAfterFailedTestcase(FailedTestCases.java:21)
	at com.craftsvilla.testcase.ForgotPassWordTest.closeBrowser(ForgotPassWordTest.java:58)
	at com.craftsvilla.framework.Startup.main(Startup.java:81)
	at org.codehaus.mojo.exec.ExecJavaMojo$1.run(ExecJavaMojo.java:293)
	at java.lang.Thread.run(Thread.java:745)
... Removed 27 stack frames</pre></div><a href='#' onClick='toggleBox("stack-trace1154258972", this, "Click to show all stack frames", "Click to hide stack frames")'>Click to show all stack frames</a>
<div class='stack-trace' id='stack-trace1154258972'><pre>java.lang.NullPointerException
	at com.craftsvilla.framework.FailedTestCases.actionAfterFailedTestcase(FailedTestCases.java:21)
	at com.craftsvilla.testcase.ForgotPassWordTest.closeBrowser(ForgotPassWordTest.java:58)
	at sun.reflect.NativeMethodAccessorImpl.invoke0(Native Method)
	at sun.reflect.NativeMethodAccessorImpl.invoke(NativeMethodAccessorImpl.java:62)
	at sun.reflect.DelegatingMethodAccessorImpl.invoke(DelegatingMethodAccessorImpl.java:43)
	at java.lang.reflect.Method.invoke(Method.java:498)
	at org.testng.internal.MethodInvocationHelper.invokeMethod(MethodInvocationHelper.java:86)
	at org.testng.internal.Invoker.invokeConfigurationMethod(Invoker.java:514)
	at org.testng.internal.Invoker.invokeConfigurations(Invoker.java:215)
	at org.testng.internal.Invoker.invokeMethod(Invoker.java:707)
	at org.testng.internal.Invoker.invokeTestMethod(Invoker.java:820)
	at org.testng.internal.Invoker.invokeTestMethods(Invoker.java:1128)
	at org.testng.internal.TestMethodWorker.invokeTestMethods(TestMethodWorker.java:129)
	at org.testng.internal.TestMethodWorker.run(TestMethodWorker.java:112)
	at org.testng.TestRunner.privateRun(TestRunner.java:782)
	at org.testng.TestRunner.run(TestRunner.java:632)
	at org.testng.SuiteRunner.runTest(SuiteRunner.java:366)
	at org.testng.SuiteRunner.runSequentially(SuiteRunner.java:361)
	at org.testng.SuiteRunner.privateRun(SuiteRunner.java:319)
	at org.testng.SuiteRunner.run(SuiteRunner.java:268)
	at org.testng.SuiteRunnerWorker.runSuite(SuiteRunnerWorker.java:52)
	at org.testng.SuiteRunnerWorker.run(SuiteRunnerWorker.java:86)
	at org.testng.TestNG.runSuitesSequentially(TestNG.java:1244)
	at org.testng.TestNG.runSuitesLocally(TestNG.java:1169)
	at org.testng.TestNG.run(TestNG.java:1064)
	at com.craftsvilla.framework.Startup.main(Startup.java:81)
	at sun.reflect.NativeMethodAccessorImpl.invoke0(Native Method)
	at sun.reflect.NativeMethodAccessorImpl.invoke(NativeMethodAccessorImpl.java:62)
	at sun.reflect.DelegatingMethodAccessorImpl.invoke(DelegatingMethodAccessorImpl.java:43)
	at java.lang.reflect.Method.invoke(Method.java:498)
	at org.codehaus.mojo.exec.ExecJavaMojo$1.run(ExecJavaMojo.java:293)
	at java.lang.Thread.run(Thread.java:745)
</pre></div></td>
<td>0</td>
<td>com.craftsvilla.testcase.ForgotPassWordTest@42daa695</td></tr>
<tr>
<td title='com.craftsvilla.testcase.WishList.closeBrowser()'><b>closeBrowser</b><br>Test class: com.craftsvilla.testcase.WishList<br>Parameters: [TestResult name=addProductToWishlistTestfromcategory status=FAILURE method=WishList.addProductToWishlistTestfromcategory()[pri:0, instance:com.craftsvilla.testcase.WishList@cd8506c] output={null}]</td>
<td><div><pre>java.lang.NullPointerException
	at com.craftsvilla.framework.FailedTestCases.actionAfterFailedTestcase(FailedTestCases.java:21)
	at com.craftsvilla.testcase.WishList.closeBrowser(WishList.java:320)
	at com.craftsvilla.framework.Startup.main(Startup.java:81)
	at org.codehaus.mojo.exec.ExecJavaMojo$1.run(ExecJavaMojo.java:293)
	at java.lang.Thread.run(Thread.java:745)
... Removed 27 stack frames</pre></div><a href='#' onClick='toggleBox("stack-trace194224055", this, "Click to show all stack frames", "Click to hide stack frames")'>Click to show all stack frames</a>
<div class='stack-trace' id='stack-trace194224055'><pre>java.lang.NullPointerException
	at com.craftsvilla.framework.FailedTestCases.actionAfterFailedTestcase(FailedTestCases.java:21)
	at com.craftsvilla.testcase.WishList.closeBrowser(WishList.java:320)
	at sun.reflect.NativeMethodAccessorImpl.invoke0(Native Method)
	at sun.reflect.NativeMethodAccessorImpl.invoke(NativeMethodAccessorImpl.java:62)
	at sun.reflect.DelegatingMethodAccessorImpl.invoke(DelegatingMethodAccessorImpl.java:43)
	at java.lang.reflect.Method.invoke(Method.java:498)
	at org.testng.internal.MethodInvocationHelper.invokeMethod(MethodInvocationHelper.java:86)
	at org.testng.internal.Invoker.invokeConfigurationMethod(Invoker.java:514)
	at org.testng.internal.Invoker.invokeConfigurations(Invoker.java:215)
	at org.testng.internal.Invoker.invokeMethod(Invoker.java:707)
	at org.testng.internal.Invoker.invokeTestMethod(Invoker.java:820)
	at org.testng.internal.Invoker.invokeTestMethods(Invoker.java:1128)
	at org.testng.internal.TestMethodWorker.invokeTestMethods(TestMethodWorker.java:129)
	at org.testng.internal.TestMethodWorker.run(TestMethodWorker.java:112)
	at org.testng.TestRunner.privateRun(TestRunner.java:782)
	at org.testng.TestRunner.run(TestRunner.java:632)
	at org.testng.SuiteRunner.runTest(SuiteRunner.java:366)
	at org.testng.SuiteRunner.runSequentially(SuiteRunner.java:361)
	at org.testng.SuiteRunner.privateRun(SuiteRunner.java:319)
	at org.testng.SuiteRunner.run(SuiteRunner.java:268)
	at org.testng.SuiteRunnerWorker.runSuite(SuiteRunnerWorker.java:52)
	at org.testng.SuiteRunnerWorker.run(SuiteRunnerWorker.java:86)
	at org.testng.TestNG.runSuitesSequentially(TestNG.java:1244)
	at org.testng.TestNG.runSuitesLocally(TestNG.java:1169)
	at org.testng.TestNG.run(TestNG.java:1064)
	at com.craftsvilla.framework.Startup.main(Startup.java:81)
	at sun.reflect.NativeMethodAccessorImpl.invoke0(Native Method)
	at sun.reflect.NativeMethodAccessorImpl.invoke(NativeMethodAccessorImpl.java:62)
	at sun.reflect.DelegatingMethodAccessorImpl.invoke(DelegatingMethodAccessorImpl.java:43)
	at java.lang.reflect.Method.invoke(Method.java:498)
	at org.codehaus.mojo.exec.ExecJavaMojo$1.run(ExecJavaMojo.java:293)
	at java.lang.Thread.run(Thread.java:745)
</pre></div></td>
<td>0</td>
<td>com.craftsvilla.testcase.WishList@cd8506c</td></tr>
<tr>
<td title='com.craftsvilla.testcase.Login.closeBrowser()'><b>closeBrowser</b><br>Test class: com.craftsvilla.testcase.Login<br>Parameters: [TestResult name=RegisterTest status=FAILURE method=Login.RegisterTest()[pri:0, instance:com.craftsvilla.testcase.Login@1b21a16c] output={null}]</td>
<td><div><pre>java.lang.NullPointerException
	at com.craftsvilla.framework.FailedTestCases.actionAfterFailedTestcase(FailedTestCases.java:21)
	at com.craftsvilla.testcase.Login.closeBrowser(Login.java:93)
	at com.craftsvilla.framework.Startup.main(Startup.java:81)
	at org.codehaus.mojo.exec.ExecJavaMojo$1.run(ExecJavaMojo.java:293)
	at java.lang.Thread.run(Thread.java:745)
... Removed 27 stack frames</pre></div><a href='#' onClick='toggleBox("stack-trace1175918490", this, "Click to show all stack frames", "Click to hide stack frames")'>Click to show all stack frames</a>
<div class='stack-trace' id='stack-trace1175918490'><pre>java.lang.NullPointerException
	at com.craftsvilla.framework.FailedTestCases.actionAfterFailedTestcase(FailedTestCases.java:21)
	at com.craftsvilla.testcase.Login.closeBrowser(Login.java:93)
	at sun.reflect.NativeMethodAccessorImpl.invoke0(Native Method)
	at sun.reflect.NativeMethodAccessorImpl.invoke(NativeMethodAccessorImpl.java:62)
	at sun.reflect.DelegatingMethodAccessorImpl.invoke(DelegatingMethodAccessorImpl.java:43)
	at java.lang.reflect.Method.invoke(Method.java:498)
	at org.testng.internal.MethodInvocationHelper.invokeMethod(MethodInvocationHelper.java:86)
	at org.testng.internal.Invoker.invokeConfigurationMethod(Invoker.java:514)
	at org.testng.internal.Invoker.invokeConfigurations(Invoker.java:215)
	at org.testng.internal.Invoker.invokeMethod(Invoker.java:707)
	at org.testng.internal.Invoker.invokeTestMethod(Invoker.java:820)
	at org.testng.internal.Invoker.invokeTestMethods(Invoker.java:1128)
	at org.testng.internal.TestMethodWorker.invokeTestMethods(TestMethodWorker.java:129)
	at org.testng.internal.TestMethodWorker.run(TestMethodWorker.java:112)
	at org.testng.TestRunner.privateRun(TestRunner.java:782)
	at org.testng.TestRunner.run(TestRunner.java:632)
	at org.testng.SuiteRunner.runTest(SuiteRunner.java:366)
	at org.testng.SuiteRunner.runSequentially(SuiteRunner.java:361)
	at org.testng.SuiteRunner.privateRun(SuiteRunner.java:319)
	at org.testng.SuiteRunner.run(SuiteRunner.java:268)
	at org.testng.SuiteRunnerWorker.runSuite(SuiteRunnerWorker.java:52)
	at org.testng.SuiteRunnerWorker.run(SuiteRunnerWorker.java:86)
	at org.testng.TestNG.runSuitesSequentially(TestNG.java:1244)
	at org.testng.TestNG.runSuitesLocally(TestNG.java:1169)
	at org.testng.TestNG.run(TestNG.java:1064)
	at com.craftsvilla.framework.Startup.main(Startup.java:81)
	at sun.reflect.NativeMethodAccessorImpl.invoke0(Native Method)
	at sun.reflect.NativeMethodAccessorImpl.invoke(NativeMethodAccessorImpl.java:62)
	at sun.reflect.DelegatingMethodAccessorImpl.invoke(DelegatingMethodAccessorImpl.java:43)
	at java.lang.reflect.Method.invoke(Method.java:498)
	at org.codehaus.mojo.exec.ExecJavaMojo$1.run(ExecJavaMojo.java:293)
	at java.lang.Thread.run(Thread.java:745)
</pre></div></td>
<td>0</td>
<td>com.craftsvilla.testcase.Login@1b21a16c</td></tr>
<tr>
<td title='com.craftsvilla.testcase.Sanity.closeBrowser()'><b>closeBrowser</b><br>Test class: com.craftsvilla.testcase.Sanity<br>Parameters: [TestResult name=testASCPriceSortingOnCategoryPage status=FAILURE method=Sanity.testASCPriceSortingOnCategoryPage()[pri:0, instance:com.craftsvilla.testcase.Sanity@2c7abc2e] output={null}]</td>
<td><div><pre>java.lang.NullPointerException
	at com.craftsvilla.framework.FailedTestCases.actionAfterFailedTestcase(FailedTestCases.java:21)
	at com.craftsvilla.testcase.Sanity.closeBrowser(Sanity.java:249)
	at com.craftsvilla.framework.Startup.main(Startup.java:81)
	at org.codehaus.mojo.exec.ExecJavaMojo$1.run(ExecJavaMojo.java:293)
	at java.lang.Thread.run(Thread.java:745)
... Removed 27 stack frames</pre></div><a href='#' onClick='toggleBox("stack-trace1562967870", this, "Click to show all stack frames", "Click to hide stack frames")'>Click to show all stack frames</a>
<div class='stack-trace' id='stack-trace1562967870'><pre>java.lang.NullPointerException
	at com.craftsvilla.framework.FailedTestCases.actionAfterFailedTestcase(FailedTestCases.java:21)
	at com.craftsvilla.testcase.Sanity.closeBrowser(Sanity.java:249)
	at sun.reflect.NativeMethodAccessorImpl.invoke0(Native Method)
	at sun.reflect.NativeMethodAccessorImpl.invoke(NativeMethodAccessorImpl.java:62)
	at sun.reflect.DelegatingMethodAccessorImpl.invoke(DelegatingMethodAccessorImpl.java:43)
	at java.lang.reflect.Method.invoke(Method.java:498)
	at org.testng.internal.MethodInvocationHelper.invokeMethod(MethodInvocationHelper.java:86)
	at org.testng.internal.Invoker.invokeConfigurationMethod(Invoker.java:514)
	at org.testng.internal.Invoker.invokeConfigurations(Invoker.java:215)
	at org.testng.internal.Invoker.invokeMethod(Invoker.java:707)
	at org.testng.internal.Invoker.invokeTestMethod(Invoker.java:820)
	at org.testng.internal.Invoker.invokeTestMethods(Invoker.java:1128)
	at org.testng.internal.TestMethodWorker.invokeTestMethods(TestMethodWorker.java:129)
	at org.testng.internal.TestMethodWorker.run(TestMethodWorker.java:112)
	at org.testng.TestRunner.privateRun(TestRunner.java:782)
	at org.testng.TestRunner.run(TestRunner.java:632)
	at org.testng.SuiteRunner.runTest(SuiteRunner.java:366)
	at org.testng.SuiteRunner.runSequentially(SuiteRunner.java:361)
	at org.testng.SuiteRunner.privateRun(SuiteRunner.java:319)
	at org.testng.SuiteRunner.run(SuiteRunner.java:268)
	at org.testng.SuiteRunnerWorker.runSuite(SuiteRunnerWorker.java:52)
	at org.testng.SuiteRunnerWorker.run(SuiteRunnerWorker.java:86)
	at org.testng.TestNG.runSuitesSequentially(TestNG.java:1244)
	at org.testng.TestNG.runSuitesLocally(TestNG.java:1169)
	at org.testng.TestNG.run(TestNG.java:1064)
	at com.craftsvilla.framework.Startup.main(Startup.java:81)
	at sun.reflect.NativeMethodAccessorImpl.invoke0(Native Method)
	at sun.reflect.NativeMethodAccessorImpl.invoke(NativeMethodAccessorImpl.java:62)
	at sun.reflect.DelegatingMethodAccessorImpl.invoke(DelegatingMethodAccessorImpl.java:43)
	at java.lang.reflect.Method.invoke(Method.java:498)
	at org.codehaus.mojo.exec.ExecJavaMojo$1.run(ExecJavaMojo.java:293)
	at java.lang.Thread.run(Thread.java:745)
</pre></div></td>
<td>0</td>
<td>com.craftsvilla.testcase.Sanity@2c7abc2e</td></tr>
</table><p>
<table width='100%' border='1' class='invocation-skipped'>
<tr><td colspan='4' align='center'><b>SKIPPED CONFIGURATIONS</b></td></tr>
<tr><td><b>Test method</b></td>
<td width="30%"><b>Exception</b></td>
<td width="10%"><b>Time (seconds)</b></td>
<td><b>Instance</b></td>
</tr>
<tr>
<td title='com.craftsvilla.testcase.Cart.closeBrowser()'><b>closeBrowser</b><br>Test class: com.craftsvilla.testcase.Cart</td>
<td></td>
<td>0</td>
<td>com.craftsvilla.testcase.Cart@141f98bd</td></tr>
<tr>
<td title='com.craftsvilla.testcase.Cart.closeBrowser()'><b>closeBrowser</b><br>Test class: com.craftsvilla.testcase.Cart</td>
<td></td>
<td>0</td>
<td>com.craftsvilla.testcase.Cart@141f98bd</td></tr>
<tr>
<td title='com.craftsvilla.testcase.ForgotPassWordTest.closeBrowser()'><b>closeBrowser</b><br>Test class: com.craftsvilla.testcase.ForgotPassWordTest</td>
<td></td>
<td>0</td>
<td>com.craftsvilla.testcase.ForgotPassWordTest@42daa695</td></tr>
<tr>
<td title='com.craftsvilla.testcase.WishList.closeBrowser()'><b>closeBrowser</b><br>Test class: com.craftsvilla.testcase.WishList</td>
<td></td>
<td>0</td>
<td>com.craftsvilla.testcase.WishList@cd8506c</td></tr>
<tr>
<td title='com.craftsvilla.testcase.WishList.closeBrowser()'><b>closeBrowser</b><br>Test class: com.craftsvilla.testcase.WishList</td>
<td></td>
<td>0</td>
<td>com.craftsvilla.testcase.WishList@cd8506c</td></tr>
<tr>
<td title='com.craftsvilla.testcase.WishList.closeBrowser()'><b>closeBrowser</b><br>Test class: com.craftsvilla.testcase.WishList</td>
<td></td>
<td>0</td>
<td>com.craftsvilla.testcase.WishList@cd8506c</td></tr>
<tr>
<td title='com.craftsvilla.testcase.WishList.closeBrowser()'><b>closeBrowser</b><br>Test class: com.craftsvilla.testcase.WishList</td>
<td></td>
<td>0</td>
<td>com.craftsvilla.testcase.WishList@cd8506c</td></tr>
<tr>
<td title='com.craftsvilla.testcase.WishList.closeBrowser()'><b>closeBrowser</b><br>Test class: com.craftsvilla.testcase.WishList</td>
<td></td>
<td>0</td>
<td>com.craftsvilla.testcase.WishList@cd8506c</td></tr>
<tr>
<td title='com.craftsvilla.testcase.Login.closeBrowser()'><b>closeBrowser</b><br>Test class: com.craftsvilla.testcase.Login</td>
<td></td>
<td>0</td>
<td>com.craftsvilla.testcase.Login@1b21a16c</td></tr>
<tr>
<td title='com.craftsvilla.testcase.Login.closeBrowser()'><b>closeBrowser</b><br>Test class: com.craftsvilla.testcase.Login</td>
<td></td>
<td>0</td>
<td>com.craftsvilla.testcase.Login@1b21a16c</td></tr>
<tr>
<td title='com.craftsvilla.testcase.Sanity.closeBrowser()'><b>closeBrowser</b><br>Test class: com.craftsvilla.testcase.Sanity</td>
<td></td>
<td>0</td>
<td>com.craftsvilla.testcase.Sanity@2c7abc2e</td></tr>
<tr>
<td title='com.craftsvilla.testcase.Sanity.closeBrowser()'><b>closeBrowser</b><br>Test class: com.craftsvilla.testcase.Sanity</td>
<td></td>
<td>0</td>
<td>com.craftsvilla.testcase.Sanity@2c7abc2e</td></tr>
<tr>
<td title='com.craftsvilla.testcase.Sanity.closeBrowser()'><b>closeBrowser</b><br>Test class: com.craftsvilla.testcase.Sanity</td>
<td></td>
<td>0</td>
<td>com.craftsvilla.testcase.Sanity@2c7abc2e</td></tr>
<tr>
<td title='com.craftsvilla.testcase.Sanity.closeBrowser()'><b>closeBrowser</b><br>Test class: com.craftsvilla.testcase.Sanity</td>
<td></td>
<td>0</td>
<td>com.craftsvilla.testcase.Sanity@2c7abc2e</td></tr>
<tr>
<td title='com.craftsvilla.testcase.Sanity.closeBrowser()'><b>closeBrowser</b><br>Test class: com.craftsvilla.testcase.Sanity</td>
<td></td>
<td>0</td>
<td>com.craftsvilla.testcase.Sanity@2c7abc2e</td></tr>
<tr>
<td title='com.craftsvilla.testcase.Sanity.closeBrowser()'><b>closeBrowser</b><br>Test class: com.craftsvilla.testcase.Sanity</td>
<td></td>
<td>0</td>
<td>com.craftsvilla.testcase.Sanity@2c7abc2e</td></tr>
<tr>
<td title='com.craftsvilla.testcase.Sanity.closeBrowser()'><b>closeBrowser</b><br>Test class: com.craftsvilla.testcase.Sanity</td>
<td></td>
<td>0</td>
<td>com.craftsvilla.testcase.Sanity@2c7abc2e</td></tr>
<tr>
<td title='com.craftsvilla.testcase.Sanity.closeBrowser()'><b>closeBrowser</b><br>Test class: com.craftsvilla.testcase.Sanity</td>
<td></td>
<td>0</td>
<td>com.craftsvilla.testcase.Sanity@2c7abc2e</td></tr>
<tr>
<td title='com.craftsvilla.testcase.Sanity.closeBrowser()'><b>closeBrowser</b><br>Test class: com.craftsvilla.testcase.Sanity</td>
<td></td>
<td>0</td>
<td>com.craftsvilla.testcase.Sanity@2c7abc2e</td></tr>
<tr>
<td title='com.craftsvilla.testcase.Sanity.closeBrowser()'><b>closeBrowser</b><br>Test class: com.craftsvilla.testcase.Sanity</td>
<td></td>
<td>0</td>
<td>com.craftsvilla.testcase.Sanity@2c7abc2e</td></tr>
<tr>
<td title='com.craftsvilla.testcase.Sanity.closeBrowser()'><b>closeBrowser</b><br>Test class: com.craftsvilla.testcase.Sanity</td>
<td></td>
<td>0</td>
<td>com.craftsvilla.testcase.Sanity@2c7abc2e</td></tr>
<tr>
<td title='com.craftsvilla.testcase.Sanity.closeBrowser()'><b>closeBrowser</b><br>Test class: com.craftsvilla.testcase.Sanity</td>
<td></td>
<td>0</td>
<td>com.craftsvilla.testcase.Sanity@2c7abc2e</td></tr>
</table><p>
<table width='100%' border='1' class='invocation-failed'>
<tr><td colspan='4' align='center'><b>FAILED TESTS</b></td></tr>
<tr><td><b>Test method</b></td>
<td width="30%"><b>Exception</b></td>
<td width="10%"><b>Time (seconds)</b></td>
<td><b>Instance</b></td>
</tr>
<tr>
<td title='com.craftsvilla.testcase.Login.RegisterTest()'><b>RegisterTest</b><br>Test class: com.craftsvilla.testcase.Login</td>
<td><div><pre>org.openqa.selenium.WebDriverException: OS/Browser combination invalid: {&quot;browserName&quot;=&gt;&quot;BrowserName&quot;, &quot;language&quot;=&gt;&quot;Apache-HttpClient/4.3.6 (java 1.5)&quot;, &quot;browser&quot;=&gt;&quot;BrowserName&quot;, &quot;acceptSslCert&quot;=&gt;false, &quot;version&quot;=&gt;&quot;Version&quot;, &quot;build&quot;=&gt;&quot;TestNG - Sample&quot;} (WARNING: The server did not provide any stacktrace information)
Command duration or timeout: 1.06 seconds
Build info: version: &apos;2.53.0&apos;, revision: &apos;35ae25b1534ae328c771e0856c93e187490ca824&apos;, time: &apos;2016-03-15 10:43:46&apos;
System info: host: &apos;shukrani-244&apos;, ip: &apos;127.0.1.1&apos;, os.name: &apos;Linux&apos;, os.arch: &apos;amd64&apos;, os.version: &apos;3.19.0-25-generic&apos;, java.version: &apos;1.8.0_92&apos;
Driver info: org.openqa.selenium.remote.RemoteWebDriver
	at org.openqa.selenium.remote.ErrorHandler.createThrowable(ErrorHandler.java:206)
	at org.openqa.selenium.remote.ErrorHandler.throwIfResponseFailed(ErrorHandler.java:158)
	at org.openqa.selenium.remote.RemoteWebDriver.execute(RemoteWebDriver.java:678)
	at org.openqa.selenium.remote.RemoteWebDriver.startSession(RemoteWebDriver.java:249)
	at org.openqa.selenium.remote.RemoteWebDriver.&lt;init&gt;(RemoteWebDriver.java:131)
	at org.openqa.selenium.remote.RemoteWebDriver.&lt;init&gt;(RemoteWebDriver.java:158)
	at com.craftsvilla.framework.DriverSelector.getDriver_browserstacknew(DriverSelector.java:113)
	at com.craftsvilla.testcase.Login.RegisterTest(Login.java:42)
	at com.craftsvilla.framework.Startup.main(Startup.java:81)
	at org.codehaus.mojo.exec.ExecJavaMojo$1.run(ExecJavaMojo.java:293)
	at java.lang.Thread.run(Thread.java:745)
... Removed 29 stack frames</pre></div><a href='#' onClick='toggleBox("stack-trace60514271", this, "Click to show all stack frames", "Click to hide stack frames")'>Click to show all stack frames</a>
<div class='stack-trace' id='stack-trace60514271'><pre>org.openqa.selenium.WebDriverException: OS/Browser combination invalid: {&quot;browserName&quot;=&gt;&quot;BrowserName&quot;, &quot;language&quot;=&gt;&quot;Apache-HttpClient/4.3.6 (java 1.5)&quot;, &quot;browser&quot;=&gt;&quot;BrowserName&quot;, &quot;acceptSslCert&quot;=&gt;false, &quot;version&quot;=&gt;&quot;Version&quot;, &quot;build&quot;=&gt;&quot;TestNG - Sample&quot;} (WARNING: The server did not provide any stacktrace information)
Command duration or timeout: 1.06 seconds
Build info: version: &apos;2.53.0&apos;, revision: &apos;35ae25b1534ae328c771e0856c93e187490ca824&apos;, time: &apos;2016-03-15 10:43:46&apos;
System info: host: &apos;shukrani-244&apos;, ip: &apos;127.0.1.1&apos;, os.name: &apos;Linux&apos;, os.arch: &apos;amd64&apos;, os.version: &apos;3.19.0-25-generic&apos;, java.version: &apos;1.8.0_92&apos;
Driver info: org.openqa.selenium.remote.RemoteWebDriver
	at sun.reflect.NativeConstructorAccessorImpl.newInstance0(Native Method)
	at sun.reflect.NativeConstructorAccessorImpl.newInstance(NativeConstructorAccessorImpl.java:62)
	at sun.reflect.DelegatingConstructorAccessorImpl.newInstance(DelegatingConstructorAccessorImpl.java:45)
	at java.lang.reflect.Constructor.newInstance(Constructor.java:423)
	at org.openqa.selenium.remote.ErrorHandler.createThrowable(ErrorHandler.java:206)
	at org.openqa.selenium.remote.ErrorHandler.throwIfResponseFailed(ErrorHandler.java:158)
	at org.openqa.selenium.remote.RemoteWebDriver.execute(RemoteWebDriver.java:678)
	at org.openqa.selenium.remote.RemoteWebDriver.startSession(RemoteWebDriver.java:249)
	at org.openqa.selenium.remote.RemoteWebDriver.&lt;init&gt;(RemoteWebDriver.java:131)
	at org.openqa.selenium.remote.RemoteWebDriver.&lt;init&gt;(RemoteWebDriver.java:158)
	at com.craftsvilla.framework.DriverSelector.getDriver_browserstacknew(DriverSelector.java:113)
	at com.craftsvilla.testcase.Login.RegisterTest(Login.java:42)
	at sun.reflect.NativeMethodAccessorImpl.invoke0(Native Method)
	at sun.reflect.NativeMethodAccessorImpl.invoke(NativeMethodAccessorImpl.java:62)
	at sun.reflect.DelegatingMethodAccessorImpl.invoke(DelegatingMethodAccessorImpl.java:43)
	at java.lang.reflect.Method.invoke(Method.java:498)
	at org.testng.internal.MethodInvocationHelper.invokeMethod(MethodInvocationHelper.java:86)
	at org.testng.internal.Invoker.invokeMethod(Invoker.java:643)
	at org.testng.internal.Invoker.invokeTestMethod(Invoker.java:820)
	at org.testng.internal.Invoker.invokeTestMethods(Invoker.java:1128)
	at org.testng.internal.TestMethodWorker.invokeTestMethods(TestMethodWorker.java:129)
	at org.testng.internal.TestMethodWorker.run(TestMethodWorker.java:112)
	at org.testng.TestRunner.privateRun(TestRunner.java:782)
	at org.testng.TestRunner.run(TestRunner.java:632)
	at org.testng.SuiteRunner.runTest(SuiteRunner.java:366)
	at org.testng.SuiteRunner.runSequentially(SuiteRunner.java:361)
	at org.testng.SuiteRunner.privateRun(SuiteRunner.java:319)
	at org.testng.SuiteRunner.run(SuiteRunner.java:268)
	at org.testng.SuiteRunnerWorker.runSuite(SuiteRunnerWorker.java:52)
	at org.testng.SuiteRunnerWorker.run(SuiteRunnerWorker.java:86)
	at org.testng.TestNG.runSuitesSequentially(TestNG.java:1244)
	at org.testng.TestNG.runSuitesLocally(TestNG.java:1169)
	at org.testng.TestNG.run(TestNG.java:1064)
	at com.craftsvilla.framework.Startup.main(Startup.java:81)
	at sun.reflect.NativeMethodAccessorImpl.invoke0(Native Method)
	at sun.reflect.NativeMethodAccessorImpl.invoke(NativeMethodAccessorImpl.java:62)
	at sun.reflect.DelegatingMethodAccessorImpl.invoke(DelegatingMethodAccessorImpl.java:43)
	at java.lang.reflect.Method.invoke(Method.java:498)
	at org.codehaus.mojo.exec.ExecJavaMojo$1.run(ExecJavaMojo.java:293)
	at java.lang.Thread.run(Thread.java:745)
</pre></div></td>
<td>1</td>
<td>com.craftsvilla.testcase.Login@1b21a16c</td></tr>
<tr>
<td title='com.craftsvilla.testcase.WishList.addProductToWishlistTestfromcategory()'><b>addProductToWishlistTestfromcategory</b><br>Test class: com.craftsvilla.testcase.WishList</td>
<td><div><pre>org.openqa.selenium.WebDriverException: OS/Browser combination invalid: {&quot;browserName&quot;=&gt;&quot;BrowserName&quot;, &quot;version&quot;=&gt;&quot;Version&quot;, &quot;language&quot;=&gt;&quot;Apache-HttpClient/4.3.6 (java 1.5)&quot;, &quot;acceptSslCert&quot;=&gt;false, &quot;build&quot;=&gt;&quot;TestNG - Sample&quot;, &quot;browser&quot;=&gt;&quot;BrowserName&quot;} (WARNING: The server did not provide any stacktrace information)
Command duration or timeout: 1.31 seconds
Build info: version: &apos;2.53.0&apos;, revision: &apos;35ae25b1534ae328c771e0856c93e187490ca824&apos;, time: &apos;2016-03-15 10:43:46&apos;
System info: host: &apos;shukrani-244&apos;, ip: &apos;127.0.1.1&apos;, os.name: &apos;Linux&apos;, os.arch: &apos;amd64&apos;, os.version: &apos;3.19.0-25-generic&apos;, java.version: &apos;1.8.0_92&apos;
Driver info: org.openqa.selenium.remote.RemoteWebDriver
	at org.openqa.selenium.remote.ErrorHandler.createThrowable(ErrorHandler.java:206)
	at org.openqa.selenium.remote.ErrorHandler.throwIfResponseFailed(ErrorHandler.java:158)
	at org.openqa.selenium.remote.RemoteWebDriver.execute(RemoteWebDriver.java:678)
	at org.openqa.selenium.remote.RemoteWebDriver.startSession(RemoteWebDriver.java:249)
	at org.openqa.selenium.remote.RemoteWebDriver.&lt;init&gt;(RemoteWebDriver.java:131)
	at org.openqa.selenium.remote.RemoteWebDriver.&lt;init&gt;(RemoteWebDriver.java:158)
	at com.craftsvilla.framework.DriverSelector.getDriver_browserstacknew(DriverSelector.java:113)
	at com.craftsvilla.testcase.WishList.addProductToWishlistTestfromcategory(WishList.java:236)
	at com.craftsvilla.framework.Startup.main(Startup.java:81)
	at org.codehaus.mojo.exec.ExecJavaMojo$1.run(ExecJavaMojo.java:293)
	at java.lang.Thread.run(Thread.java:745)
... Removed 29 stack frames</pre></div><a href='#' onClick='toggleBox("stack-trace170651051", this, "Click to show all stack frames", "Click to hide stack frames")'>Click to show all stack frames</a>
<div class='stack-trace' id='stack-trace170651051'><pre>org.openqa.selenium.WebDriverException: OS/Browser combination invalid: {&quot;browserName&quot;=&gt;&quot;BrowserName&quot;, &quot;version&quot;=&gt;&quot;Version&quot;, &quot;language&quot;=&gt;&quot;Apache-HttpClient/4.3.6 (java 1.5)&quot;, &quot;acceptSslCert&quot;=&gt;false, &quot;build&quot;=&gt;&quot;TestNG - Sample&quot;, &quot;browser&quot;=&gt;&quot;BrowserName&quot;} (WARNING: The server did not provide any stacktrace information)
Command duration or timeout: 1.31 seconds
Build info: version: &apos;2.53.0&apos;, revision: &apos;35ae25b1534ae328c771e0856c93e187490ca824&apos;, time: &apos;2016-03-15 10:43:46&apos;
System info: host: &apos;shukrani-244&apos;, ip: &apos;127.0.1.1&apos;, os.name: &apos;Linux&apos;, os.arch: &apos;amd64&apos;, os.version: &apos;3.19.0-25-generic&apos;, java.version: &apos;1.8.0_92&apos;
Driver info: org.openqa.selenium.remote.RemoteWebDriver
	at sun.reflect.NativeConstructorAccessorImpl.newInstance0(Native Method)
	at sun.reflect.NativeConstructorAccessorImpl.newInstance(NativeConstructorAccessorImpl.java:62)
	at sun.reflect.DelegatingConstructorAccessorImpl.newInstance(DelegatingConstructorAccessorImpl.java:45)
	at java.lang.reflect.Constructor.newInstance(Constructor.java:423)
	at org.openqa.selenium.remote.ErrorHandler.createThrowable(ErrorHandler.java:206)
	at org.openqa.selenium.remote.ErrorHandler.throwIfResponseFailed(ErrorHandler.java:158)
	at org.openqa.selenium.remote.RemoteWebDriver.execute(RemoteWebDriver.java:678)
	at org.openqa.selenium.remote.RemoteWebDriver.startSession(RemoteWebDriver.java:249)
	at org.openqa.selenium.remote.RemoteWebDriver.&lt;init&gt;(RemoteWebDriver.java:131)
	at org.openqa.selenium.remote.RemoteWebDriver.&lt;init&gt;(RemoteWebDriver.java:158)
	at com.craftsvilla.framework.DriverSelector.getDriver_browserstacknew(DriverSelector.java:113)
	at com.craftsvilla.testcase.WishList.addProductToWishlistTestfromcategory(WishList.java:236)
	at sun.reflect.NativeMethodAccessorImpl.invoke0(Native Method)
	at sun.reflect.NativeMethodAccessorImpl.invoke(NativeMethodAccessorImpl.java:62)
	at sun.reflect.DelegatingMethodAccessorImpl.invoke(DelegatingMethodAccessorImpl.java:43)
	at java.lang.reflect.Method.invoke(Method.java:498)
	at org.testng.internal.MethodInvocationHelper.invokeMethod(MethodInvocationHelper.java:86)
	at org.testng.internal.Invoker.invokeMethod(Invoker.java:643)
	at org.testng.internal.Invoker.invokeTestMethod(Invoker.java:820)
	at org.testng.internal.Invoker.invokeTestMethods(Invoker.java:1128)
	at org.testng.internal.TestMethodWorker.invokeTestMethods(TestMethodWorker.java:129)
	at org.testng.internal.TestMethodWorker.run(TestMethodWorker.java:112)
	at org.testng.TestRunner.privateRun(TestRunner.java:782)
	at org.testng.TestRunner.run(TestRunner.java:632)
	at org.testng.SuiteRunner.runTest(SuiteRunner.java:366)
	at org.testng.SuiteRunner.runSequentially(SuiteRunner.java:361)
	at org.testng.SuiteRunner.privateRun(SuiteRunner.java:319)
	at org.testng.SuiteRunner.run(SuiteRunner.java:268)
	at org.testng.SuiteRunnerWorker.runSuite(SuiteRunnerWorker.java:52)
	at org.testng.SuiteRunnerWorker.run(SuiteRunnerWorker.java:86)
	at org.testng.TestNG.runSuitesSequentially(TestNG.java:1244)
	at org.testng.TestNG.runSuitesLocally(TestNG.java:1169)
	at org.testng.TestNG.run(TestNG.java:1064)
	at com.craftsvilla.framework.Startup.main(Startup.java:81)
	at sun.reflect.NativeMethodAccessorImpl.invoke0(Native Method)
	at sun.reflect.NativeMethodAccessorImpl.invoke(NativeMethodAccessorImpl.java:62)
	at sun.reflect.DelegatingMethodAccessorImpl.invoke(DelegatingMethodAccessorImpl.java:43)
	at java.lang.reflect.Method.invoke(Method.java:498)
	at org.codehaus.mojo.exec.ExecJavaMojo$1.run(ExecJavaMojo.java:293)
	at java.lang.Thread.run(Thread.java:745)
</pre></div></td>
<td>1</td>
<td>com.craftsvilla.testcase.WishList@cd8506c</td></tr>
<tr>
<td title='com.craftsvilla.testcase.ForgotPassWordTest.forgotPassWordEmailValidationTest()'><b>forgotPassWordEmailValidationTest</b><br>Test class: com.craftsvilla.testcase.ForgotPassWordTest</td>
<td><div><pre>org.openqa.selenium.WebDriverException: OS/Browser combination invalid: {&quot;language&quot;=&gt;&quot;Apache-HttpClient/4.3.6 (java 1.5)&quot;, &quot;browserName&quot;=&gt;&quot;BrowserName&quot;, &quot;build&quot;=&gt;&quot;TestNG - Sample&quot;, &quot;version&quot;=&gt;&quot;Version&quot;, &quot;acceptSslCert&quot;=&gt;false, &quot;browser&quot;=&gt;&quot;BrowserName&quot;} (WARNING: The server did not provide any stacktrace information)
Command duration or timeout: 1.92 seconds
Build info: version: &apos;2.53.0&apos;, revision: &apos;35ae25b1534ae328c771e0856c93e187490ca824&apos;, time: &apos;2016-03-15 10:43:46&apos;
System info: host: &apos;shukrani-244&apos;, ip: &apos;127.0.1.1&apos;, os.name: &apos;Linux&apos;, os.arch: &apos;amd64&apos;, os.version: &apos;3.19.0-25-generic&apos;, java.version: &apos;1.8.0_92&apos;
Driver info: org.openqa.selenium.remote.RemoteWebDriver
	at org.openqa.selenium.remote.ErrorHandler.createThrowable(ErrorHandler.java:206)
	at org.openqa.selenium.remote.ErrorHandler.throwIfResponseFailed(ErrorHandler.java:158)
	at org.openqa.selenium.remote.RemoteWebDriver.execute(RemoteWebDriver.java:678)
	at org.openqa.selenium.remote.RemoteWebDriver.startSession(RemoteWebDriver.java:249)
	at org.openqa.selenium.remote.RemoteWebDriver.&lt;init&gt;(RemoteWebDriver.java:131)
	at org.openqa.selenium.remote.RemoteWebDriver.&lt;init&gt;(RemoteWebDriver.java:158)
	at com.craftsvilla.framework.DriverSelector.getDriver_browserstacknew(DriverSelector.java:113)
	at com.craftsvilla.testcase.ForgotPassWordTest.forgotPassWordEmailValidationTest(ForgotPassWordTest.java:45)
	at com.craftsvilla.framework.Startup.main(Startup.java:81)
	at org.codehaus.mojo.exec.ExecJavaMojo$1.run(ExecJavaMojo.java:293)
	at java.lang.Thread.run(Thread.java:745)
... Removed 29 stack frames</pre></div><a href='#' onClick='toggleBox("stack-trace146660801", this, "Click to show all stack frames", "Click to hide stack frames")'>Click to show all stack frames</a>
<div class='stack-trace' id='stack-trace146660801'><pre>org.openqa.selenium.WebDriverException: OS/Browser combination invalid: {&quot;language&quot;=&gt;&quot;Apache-HttpClient/4.3.6 (java 1.5)&quot;, &quot;browserName&quot;=&gt;&quot;BrowserName&quot;, &quot;build&quot;=&gt;&quot;TestNG - Sample&quot;, &quot;version&quot;=&gt;&quot;Version&quot;, &quot;acceptSslCert&quot;=&gt;false, &quot;browser&quot;=&gt;&quot;BrowserName&quot;} (WARNING: The server did not provide any stacktrace information)
Command duration or timeout: 1.92 seconds
Build info: version: &apos;2.53.0&apos;, revision: &apos;35ae25b1534ae328c771e0856c93e187490ca824&apos;, time: &apos;2016-03-15 10:43:46&apos;
System info: host: &apos;shukrani-244&apos;, ip: &apos;127.0.1.1&apos;, os.name: &apos;Linux&apos;, os.arch: &apos;amd64&apos;, os.version: &apos;3.19.0-25-generic&apos;, java.version: &apos;1.8.0_92&apos;
Driver info: org.openqa.selenium.remote.RemoteWebDriver
	at sun.reflect.NativeConstructorAccessorImpl.newInstance0(Native Method)
	at sun.reflect.NativeConstructorAccessorImpl.newInstance(NativeConstructorAccessorImpl.java:62)
	at sun.reflect.DelegatingConstructorAccessorImpl.newInstance(DelegatingConstructorAccessorImpl.java:45)
	at java.lang.reflect.Constructor.newInstance(Constructor.java:423)
	at org.openqa.selenium.remote.ErrorHandler.createThrowable(ErrorHandler.java:206)
	at org.openqa.selenium.remote.ErrorHandler.throwIfResponseFailed(ErrorHandler.java:158)
	at org.openqa.selenium.remote.RemoteWebDriver.execute(RemoteWebDriver.java:678)
	at org.openqa.selenium.remote.RemoteWebDriver.startSession(RemoteWebDriver.java:249)
	at org.openqa.selenium.remote.RemoteWebDriver.&lt;init&gt;(RemoteWebDriver.java:131)
	at org.openqa.selenium.remote.RemoteWebDriver.&lt;init&gt;(RemoteWebDriver.java:158)
	at com.craftsvilla.framework.DriverSelector.getDriver_browserstacknew(DriverSelector.java:113)
	at com.craftsvilla.testcase.ForgotPassWordTest.forgotPassWordEmailValidationTest(ForgotPassWordTest.java:45)
	at sun.reflect.NativeMethodAccessorImpl.invoke0(Native Method)
	at sun.reflect.NativeMethodAccessorImpl.invoke(NativeMethodAccessorImpl.java:62)
	at sun.reflect.DelegatingMethodAccessorImpl.invoke(DelegatingMethodAccessorImpl.java:43)
	at java.lang.reflect.Method.invoke(Method.java:498)
	at org.testng.internal.MethodInvocationHelper.invokeMethod(MethodInvocationHelper.java:86)
	at org.testng.internal.Invoker.invokeMethod(Invoker.java:643)
	at org.testng.internal.Invoker.invokeTestMethod(Invoker.java:820)
	at org.testng.internal.Invoker.invokeTestMethods(Invoker.java:1128)
	at org.testng.internal.TestMethodWorker.invokeTestMethods(TestMethodWorker.java:129)
	at org.testng.internal.TestMethodWorker.run(TestMethodWorker.java:112)
	at org.testng.TestRunner.privateRun(TestRunner.java:782)
	at org.testng.TestRunner.run(TestRunner.java:632)
	at org.testng.SuiteRunner.runTest(SuiteRunner.java:366)
	at org.testng.SuiteRunner.runSequentially(SuiteRunner.java:361)
	at org.testng.SuiteRunner.privateRun(SuiteRunner.java:319)
	at org.testng.SuiteRunner.run(SuiteRunner.java:268)
	at org.testng.SuiteRunnerWorker.runSuite(SuiteRunnerWorker.java:52)
	at org.testng.SuiteRunnerWorker.run(SuiteRunnerWorker.java:86)
	at org.testng.TestNG.runSuitesSequentially(TestNG.java:1244)
	at org.testng.TestNG.runSuitesLocally(TestNG.java:1169)
	at org.testng.TestNG.run(TestNG.java:1064)
	at com.craftsvilla.framework.Startup.main(Startup.java:81)
	at sun.reflect.NativeMethodAccessorImpl.invoke0(Native Method)
	at sun.reflect.NativeMethodAccessorImpl.invoke(NativeMethodAccessorImpl.java:62)
	at sun.reflect.DelegatingMethodAccessorImpl.invoke(DelegatingMethodAccessorImpl.java:43)
	at java.lang.reflect.Method.invoke(Method.java:498)
	at org.codehaus.mojo.exec.ExecJavaMojo$1.run(ExecJavaMojo.java:293)
	at java.lang.Thread.run(Thread.java:745)
</pre></div></td>
<td>1</td>
<td>com.craftsvilla.testcase.ForgotPassWordTest@42daa695</td></tr>
<tr>
<td title='com.craftsvilla.testcase.Sanity.testASCPriceSortingOnCategoryPage()'><b>testASCPriceSortingOnCategoryPage</b><br>Test class: com.craftsvilla.testcase.Sanity</td>
<td><div><pre>org.openqa.selenium.WebDriverException: OS/Browser combination invalid: {&quot;acceptSslCert&quot;=&gt;false, &quot;language&quot;=&gt;&quot;Apache-HttpClient/4.3.6 (java 1.5)&quot;, &quot;version&quot;=&gt;&quot;Version&quot;, &quot;build&quot;=&gt;&quot;TestNG - Sample&quot;, &quot;browser&quot;=&gt;&quot;BrowserName&quot;, &quot;browserName&quot;=&gt;&quot;BrowserName&quot;} (WARNING: The server did not provide any stacktrace information)
Command duration or timeout: 1.70 seconds
Build info: version: &apos;2.53.0&apos;, revision: &apos;35ae25b1534ae328c771e0856c93e187490ca824&apos;, time: &apos;2016-03-15 10:43:46&apos;
System info: host: &apos;shukrani-244&apos;, ip: &apos;127.0.1.1&apos;, os.name: &apos;Linux&apos;, os.arch: &apos;amd64&apos;, os.version: &apos;3.19.0-25-generic&apos;, java.version: &apos;1.8.0_92&apos;
Driver info: org.openqa.selenium.remote.RemoteWebDriver
	at org.openqa.selenium.remote.ErrorHandler.createThrowable(ErrorHandler.java:206)
	at org.openqa.selenium.remote.ErrorHandler.throwIfResponseFailed(ErrorHandler.java:158)
	at org.openqa.selenium.remote.RemoteWebDriver.execute(RemoteWebDriver.java:678)
	at org.openqa.selenium.remote.RemoteWebDriver.startSession(RemoteWebDriver.java:249)
	at org.openqa.selenium.remote.RemoteWebDriver.&lt;init&gt;(RemoteWebDriver.java:131)
	at org.openqa.selenium.remote.RemoteWebDriver.&lt;init&gt;(RemoteWebDriver.java:158)
	at com.craftsvilla.framework.DriverSelector.getDriver_browserstacknew(DriverSelector.java:113)
	at com.craftsvilla.testcase.Sanity.testASCPriceSortingOnCategoryPage(Sanity.java:136)
	at com.craftsvilla.framework.Startup.main(Startup.java:81)
	at org.codehaus.mojo.exec.ExecJavaMojo$1.run(ExecJavaMojo.java:293)
	at java.lang.Thread.run(Thread.java:745)
... Removed 29 stack frames</pre></div><a href='#' onClick='toggleBox("stack-trace1461228482", this, "Click to show all stack frames", "Click to hide stack frames")'>Click to show all stack frames</a>
<div class='stack-trace' id='stack-trace1461228482'><pre>org.openqa.selenium.WebDriverException: OS/Browser combination invalid: {&quot;acceptSslCert&quot;=&gt;false, &quot;language&quot;=&gt;&quot;Apache-HttpClient/4.3.6 (java 1.5)&quot;, &quot;version&quot;=&gt;&quot;Version&quot;, &quot;build&quot;=&gt;&quot;TestNG - Sample&quot;, &quot;browser&quot;=&gt;&quot;BrowserName&quot;, &quot;browserName&quot;=&gt;&quot;BrowserName&quot;} (WARNING: The server did not provide any stacktrace information)
Command duration or timeout: 1.70 seconds
Build info: version: &apos;2.53.0&apos;, revision: &apos;35ae25b1534ae328c771e0856c93e187490ca824&apos;, time: &apos;2016-03-15 10:43:46&apos;
System info: host: &apos;shukrani-244&apos;, ip: &apos;127.0.1.1&apos;, os.name: &apos;Linux&apos;, os.arch: &apos;amd64&apos;, os.version: &apos;3.19.0-25-generic&apos;, java.version: &apos;1.8.0_92&apos;
Driver info: org.openqa.selenium.remote.RemoteWebDriver
	at sun.reflect.NativeConstructorAccessorImpl.newInstance0(Native Method)
	at sun.reflect.NativeConstructorAccessorImpl.newInstance(NativeConstructorAccessorImpl.java:62)
	at sun.reflect.DelegatingConstructorAccessorImpl.newInstance(DelegatingConstructorAccessorImpl.java:45)
	at java.lang.reflect.Constructor.newInstance(Constructor.java:423)
	at org.openqa.selenium.remote.ErrorHandler.createThrowable(ErrorHandler.java:206)
	at org.openqa.selenium.remote.ErrorHandler.throwIfResponseFailed(ErrorHandler.java:158)
	at org.openqa.selenium.remote.RemoteWebDriver.execute(RemoteWebDriver.java:678)
	at org.openqa.selenium.remote.RemoteWebDriver.startSession(RemoteWebDriver.java:249)
	at org.openqa.selenium.remote.RemoteWebDriver.&lt;init&gt;(RemoteWebDriver.java:131)
	at org.openqa.selenium.remote.RemoteWebDriver.&lt;init&gt;(RemoteWebDriver.java:158)
	at com.craftsvilla.framework.DriverSelector.getDriver_browserstacknew(DriverSelector.java:113)
	at com.craftsvilla.testcase.Sanity.testASCPriceSortingOnCategoryPage(Sanity.java:136)
	at sun.reflect.NativeMethodAccessorImpl.invoke0(Native Method)
	at sun.reflect.NativeMethodAccessorImpl.invoke(NativeMethodAccessorImpl.java:62)
	at sun.reflect.DelegatingMethodAccessorImpl.invoke(DelegatingMethodAccessorImpl.java:43)
	at java.lang.reflect.Method.invoke(Method.java:498)
	at org.testng.internal.MethodInvocationHelper.invokeMethod(MethodInvocationHelper.java:86)
	at org.testng.internal.Invoker.invokeMethod(Invoker.java:643)
	at org.testng.internal.Invoker.invokeTestMethod(Invoker.java:820)
	at org.testng.internal.Invoker.invokeTestMethods(Invoker.java:1128)
	at org.testng.internal.TestMethodWorker.invokeTestMethods(TestMethodWorker.java:129)
	at org.testng.internal.TestMethodWorker.run(TestMethodWorker.java:112)
	at org.testng.TestRunner.privateRun(TestRunner.java:782)
	at org.testng.TestRunner.run(TestRunner.java:632)
	at org.testng.SuiteRunner.runTest(SuiteRunner.java:366)
	at org.testng.SuiteRunner.runSequentially(SuiteRunner.java:361)
	at org.testng.SuiteRunner.privateRun(SuiteRunner.java:319)
	at org.testng.SuiteRunner.run(SuiteRunner.java:268)
	at org.testng.SuiteRunnerWorker.runSuite(SuiteRunnerWorker.java:52)
	at org.testng.SuiteRunnerWorker.run(SuiteRunnerWorker.java:86)
	at org.testng.TestNG.runSuitesSequentially(TestNG.java:1244)
	at org.testng.TestNG.runSuitesLocally(TestNG.java:1169)
	at org.testng.TestNG.run(TestNG.java:1064)
	at com.craftsvilla.framework.Startup.main(Startup.java:81)
	at sun.reflect.NativeMethodAccessorImpl.invoke0(Native Method)
	at sun.reflect.NativeMethodAccessorImpl.invoke(NativeMethodAccessorImpl.java:62)
	at sun.reflect.DelegatingMethodAccessorImpl.invoke(DelegatingMethodAccessorImpl.java:43)
	at java.lang.reflect.Method.invoke(Method.java:498)
	at org.codehaus.mojo.exec.ExecJavaMojo$1.run(ExecJavaMojo.java:293)
	at java.lang.Thread.run(Thread.java:745)
</pre></div></td>
<td>1</td>
<td>com.craftsvilla.testcase.Sanity@2c7abc2e</td></tr>
<tr>
<td title='com.craftsvilla.testcase.Cart.testAddnotetoseller()'><b>testAddnotetoseller</b><br>Test class: com.craftsvilla.testcase.Cart</td>
<td><div><pre>org.openqa.selenium.WebDriverException: OS/Browser combination invalid: {&quot;browserName&quot;=&gt;&quot;BrowserName&quot;, &quot;language&quot;=&gt;&quot;Apache-HttpClient/4.3.6 (java 1.5)&quot;, &quot;browser&quot;=&gt;&quot;BrowserName&quot;, &quot;acceptSslCert&quot;=&gt;false, &quot;version&quot;=&gt;&quot;Version&quot;, &quot;build&quot;=&gt;&quot;TestNG - Sample&quot;} (WARNING: The server did not provide any stacktrace information)
Command duration or timeout: 2.88 seconds
Build info: version: &apos;2.53.0&apos;, revision: &apos;35ae25b1534ae328c771e0856c93e187490ca824&apos;, time: &apos;2016-03-15 10:43:46&apos;
System info: host: &apos;shukrani-244&apos;, ip: &apos;127.0.1.1&apos;, os.name: &apos;Linux&apos;, os.arch: &apos;amd64&apos;, os.version: &apos;3.19.0-25-generic&apos;, java.version: &apos;1.8.0_92&apos;
Driver info: org.openqa.selenium.remote.RemoteWebDriver
	at org.openqa.selenium.remote.ErrorHandler.createThrowable(ErrorHandler.java:206)
	at org.openqa.selenium.remote.ErrorHandler.throwIfResponseFailed(ErrorHandler.java:158)
	at org.openqa.selenium.remote.RemoteWebDriver.execute(RemoteWebDriver.java:678)
	at org.openqa.selenium.remote.RemoteWebDriver.startSession(RemoteWebDriver.java:249)
	at org.openqa.selenium.remote.RemoteWebDriver.&lt;init&gt;(RemoteWebDriver.java:131)
	at org.openqa.selenium.remote.RemoteWebDriver.&lt;init&gt;(RemoteWebDriver.java:158)
	at com.craftsvilla.framework.DriverSelector.getDriver_browserstacknew(DriverSelector.java:113)
	at com.craftsvilla.testcase.Cart.testAddnotetoseller(Cart.java:32)
	at com.craftsvilla.framework.Startup.main(Startup.java:81)
	at org.codehaus.mojo.exec.ExecJavaMojo$1.run(ExecJavaMojo.java:293)
	at java.lang.Thread.run(Thread.java:745)
... Removed 29 stack frames</pre></div><a href='#' onClick='toggleBox("stack-trace438694282", this, "Click to show all stack frames", "Click to hide stack frames")'>Click to show all stack frames</a>
<div class='stack-trace' id='stack-trace438694282'><pre>org.openqa.selenium.WebDriverException: OS/Browser combination invalid: {&quot;browserName&quot;=&gt;&quot;BrowserName&quot;, &quot;language&quot;=&gt;&quot;Apache-HttpClient/4.3.6 (java 1.5)&quot;, &quot;browser&quot;=&gt;&quot;BrowserName&quot;, &quot;acceptSslCert&quot;=&gt;false, &quot;version&quot;=&gt;&quot;Version&quot;, &quot;build&quot;=&gt;&quot;TestNG - Sample&quot;} (WARNING: The server did not provide any stacktrace information)
Command duration or timeout: 2.88 seconds
Build info: version: &apos;2.53.0&apos;, revision: &apos;35ae25b1534ae328c771e0856c93e187490ca824&apos;, time: &apos;2016-03-15 10:43:46&apos;
System info: host: &apos;shukrani-244&apos;, ip: &apos;127.0.1.1&apos;, os.name: &apos;Linux&apos;, os.arch: &apos;amd64&apos;, os.version: &apos;3.19.0-25-generic&apos;, java.version: &apos;1.8.0_92&apos;
Driver info: org.openqa.selenium.remote.RemoteWebDriver
	at sun.reflect.NativeConstructorAccessorImpl.newInstance0(Native Method)
	at sun.reflect.NativeConstructorAccessorImpl.newInstance(NativeConstructorAccessorImpl.java:62)
	at sun.reflect.DelegatingConstructorAccessorImpl.newInstance(DelegatingConstructorAccessorImpl.java:45)
	at java.lang.reflect.Constructor.newInstance(Constructor.java:423)
	at org.openqa.selenium.remote.ErrorHandler.createThrowable(ErrorHandler.java:206)
	at org.openqa.selenium.remote.ErrorHandler.throwIfResponseFailed(ErrorHandler.java:158)
	at org.openqa.selenium.remote.RemoteWebDriver.execute(RemoteWebDriver.java:678)
	at org.openqa.selenium.remote.RemoteWebDriver.startSession(RemoteWebDriver.java:249)
	at org.openqa.selenium.remote.RemoteWebDriver.&lt;init&gt;(RemoteWebDriver.java:131)
	at org.openqa.selenium.remote.RemoteWebDriver.&lt;init&gt;(RemoteWebDriver.java:158)
	at com.craftsvilla.framework.DriverSelector.getDriver_browserstacknew(DriverSelector.java:113)
	at com.craftsvilla.testcase.Cart.testAddnotetoseller(Cart.java:32)
	at sun.reflect.NativeMethodAccessorImpl.invoke0(Native Method)
	at sun.reflect.NativeMethodAccessorImpl.invoke(NativeMethodAccessorImpl.java:62)
	at sun.reflect.DelegatingMethodAccessorImpl.invoke(DelegatingMethodAccessorImpl.java:43)
	at java.lang.reflect.Method.invoke(Method.java:498)
	at org.testng.internal.MethodInvocationHelper.invokeMethod(MethodInvocationHelper.java:86)
	at org.testng.internal.Invoker.invokeMethod(Invoker.java:643)
	at org.testng.internal.Invoker.invokeTestMethod(Invoker.java:820)
	at org.testng.internal.Invoker.invokeTestMethods(Invoker.java:1128)
	at org.testng.internal.TestMethodWorker.invokeTestMethods(TestMethodWorker.java:129)
	at org.testng.internal.TestMethodWorker.run(TestMethodWorker.java:112)
	at org.testng.TestRunner.privateRun(TestRunner.java:782)
	at org.testng.TestRunner.run(TestRunner.java:632)
	at org.testng.SuiteRunner.runTest(SuiteRunner.java:366)
	at org.testng.SuiteRunner.runSequentially(SuiteRunner.java:361)
	at org.testng.SuiteRunner.privateRun(SuiteRunner.java:319)
	at org.testng.SuiteRunner.run(SuiteRunner.java:268)
	at org.testng.SuiteRunnerWorker.runSuite(SuiteRunnerWorker.java:52)
	at org.testng.SuiteRunnerWorker.run(SuiteRunnerWorker.java:86)
	at org.testng.TestNG.runSuitesSequentially(TestNG.java:1244)
	at org.testng.TestNG.runSuitesLocally(TestNG.java:1169)
	at org.testng.TestNG.run(TestNG.java:1064)
	at com.craftsvilla.framework.Startup.main(Startup.java:81)
	at sun.reflect.NativeMethodAccessorImpl.invoke0(Native Method)
	at sun.reflect.NativeMethodAccessorImpl.invoke(NativeMethodAccessorImpl.java:62)
	at sun.reflect.DelegatingMethodAccessorImpl.invoke(DelegatingMethodAccessorImpl.java:43)
	at java.lang.reflect.Method.invoke(Method.java:498)
	at org.codehaus.mojo.exec.ExecJavaMojo$1.run(ExecJavaMojo.java:293)
	at java.lang.Thread.run(Thread.java:745)
</pre></div></td>
<td>3</td>
<td>com.craftsvilla.testcase.Cart@141f98bd</td></tr>
</table><p>
<table width='100%' border='1' class='invocation-skipped'>
<tr><td colspan='4' align='center'><b>SKIPPED TESTS</b></td></tr>
<tr><td><b>Test method</b></td>
<td width="30%"><b>Exception</b></td>
<td width="10%"><b>Time (seconds)</b></td>
<td><b>Instance</b></td>
</tr>
<tr>
<td title='com.craftsvilla.testcase.Login.loginTest()'><b>loginTest</b><br>Test class: com.craftsvilla.testcase.Login</td>
<td></td>
<td>0</td>
<td>com.craftsvilla.testcase.Login@1b21a16c</td></tr>
<tr>
<td title='com.craftsvilla.testcase.Login.startup()'><b>startup</b><br>Test class: com.craftsvilla.testcase.Login</td>
<td></td>
<td>0</td>
<td>com.craftsvilla.testcase.Login@1b21a16c</td></tr>
<tr>
<td title='com.craftsvilla.testcase.Sanity.testDSCPriceSortingOnCategoryPage()'><b>testDSCPriceSortingOnCategoryPage</b><br>Test class: com.craftsvilla.testcase.Sanity</td>
<td></td>
<td>0</td>
<td>com.craftsvilla.testcase.Sanity@2c7abc2e</td></tr>
<tr>
<td title='com.craftsvilla.testcase.WishList.testaddwishlistdate()'><b>testaddwishlistdate</b><br>Test class: com.craftsvilla.testcase.WishList</td>
<td></td>
<td>0</td>
<td>com.craftsvilla.testcase.WishList@cd8506c</td></tr>
<tr>
<td title='com.craftsvilla.testcase.WishList.testbackButtonOnnwishlistpage()'><b>testbackButtonOnnwishlistpage</b><br>Test class: com.craftsvilla.testcase.WishList</td>
<td></td>
<td>0</td>
<td>com.craftsvilla.testcase.WishList@cd8506c</td></tr>
<tr>
<td title='com.craftsvilla.testcase.Cart.testcontinueshoppingbutton_oncartpage()'><b>testcontinueshoppingbutton_oncartpage</b><br>Test class: com.craftsvilla.testcase.Cart</td>
<td></td>
<td>0</td>
<td>com.craftsvilla.testcase.Cart@141f98bd</td></tr>
<tr>
<td title='com.craftsvilla.testcase.WishList.testdeletefirstproductfromWishList()'><b>testdeletefirstproductfromWishList</b><br>Test class: com.craftsvilla.testcase.WishList</td>
<td></td>
<td>0</td>
<td>com.craftsvilla.testcase.WishList@cd8506c</td></tr>
<tr>
<td title='com.craftsvilla.testcase.Sanity.testdiscountFilterAbove10_OnCategoryPage()'><b>testdiscountFilterAbove10_OnCategoryPage</b><br>Test class: com.craftsvilla.testcase.Sanity</td>
<td></td>
<td>0</td>
<td>com.craftsvilla.testcase.Sanity@2c7abc2e</td></tr>
<tr>
<td title='com.craftsvilla.testcase.Sanity.testdiscountFilterAbove20_OnCategoryPage()'><b>testdiscountFilterAbove20_OnCategoryPage</b><br>Test class: com.craftsvilla.testcase.Sanity</td>
<td></td>
<td>0</td>
<td>com.craftsvilla.testcase.Sanity@2c7abc2e</td></tr>
<tr>
<td title='com.craftsvilla.testcase.Sanity.testdiscountFilterAbove30_OnCategoryPage()'><b>testdiscountFilterAbove30_OnCategoryPage</b><br>Test class: com.craftsvilla.testcase.Sanity</td>
<td></td>
<td>0</td>
<td>com.craftsvilla.testcase.Sanity@2c7abc2e</td></tr>
<tr>
<td title='com.craftsvilla.testcase.Sanity.testdiscountFilterAbove40_OnCategoryPage()'><b>testdiscountFilterAbove40_OnCategoryPage</b><br>Test class: com.craftsvilla.testcase.Sanity</td>
<td></td>
<td>0</td>
<td>com.craftsvilla.testcase.Sanity@2c7abc2e</td></tr>
<tr>
<td title='com.craftsvilla.testcase.Sanity.testdiscountFilterAbove50_OnCategoryPage()'><b>testdiscountFilterAbove50_OnCategoryPage</b><br>Test class: com.craftsvilla.testcase.Sanity</td>
<td></td>
<td>0</td>
<td>com.craftsvilla.testcase.Sanity@2c7abc2e</td></tr>
<tr>
<td title='com.craftsvilla.testcase.Cart.testeditsnotetoseller()'><b>testeditsnotetoseller</b><br>Test class: com.craftsvilla.testcase.Cart</td>
<td></td>
<td>0</td>
<td>com.craftsvilla.testcase.Cart@141f98bd</td></tr>
<tr>
<td title='com.craftsvilla.testcase.ForgotPassWordTest.testforgotPassWord()'><b>testforgotPassWord</b><br>Test class: com.craftsvilla.testcase.ForgotPassWordTest</td>
<td></td>
<td>0</td>
<td>com.craftsvilla.testcase.ForgotPassWordTest@42daa695</td></tr>
<tr>
<td title='com.craftsvilla.testcase.WishList.testforupdateWishList()'><b>testforupdateWishList</b><br>Test class: com.craftsvilla.testcase.WishList</td>
<td></td>
<td>0</td>
<td>com.craftsvilla.testcase.WishList@cd8506c</td></tr>
<tr>
<td title='com.craftsvilla.testcase.WishList.testshareWishList()'><b>testshareWishList</b><br>Test class: com.craftsvilla.testcase.WishList</td>
<td></td>
<td>0</td>
<td>com.craftsvilla.testcase.WishList@cd8506c</td></tr>
<tr>
<td title='com.craftsvilla.testcase.Sanity.verifyPriceFilter0_500CategoryPageTest()'><b>verifyPriceFilter0_500CategoryPageTest</b><br>Test class: com.craftsvilla.testcase.Sanity</td>
<td></td>
<td>0</td>
<td>com.craftsvilla.testcase.Sanity@2c7abc2e</td></tr>
<tr>
<td title='com.craftsvilla.testcase.Sanity.verifyPriceFilter2000_5000SearchPageTest()'><b>verifyPriceFilter2000_5000SearchPageTest</b><br>Test class: com.craftsvilla.testcase.Sanity</td>
<td></td>
<td>0</td>
<td>com.craftsvilla.testcase.Sanity@2c7abc2e</td></tr>
<tr>
<td title='com.craftsvilla.testcase.Sanity.verifyPriceFilterAbove5000SearchPageTest()'><b>verifyPriceFilterAbove5000SearchPageTest</b><br>Test class: com.craftsvilla.testcase.Sanity</td>
<td></td>
<td>0</td>
<td>com.craftsvilla.testcase.Sanity@2c7abc2e</td></tr>
<tr>
<td title='com.craftsvilla.testcase.Sanity.verifypriceFilter1000_2000CategoryPage()'><b>verifypriceFilter1000_2000CategoryPage</b><br>Test class: com.craftsvilla.testcase.Sanity</td>
<td></td>
<td>0</td>
<td>com.craftsvilla.testcase.Sanity@2c7abc2e</td></tr>
<tr>
<td title='com.craftsvilla.testcase.Sanity.verifypriceFilter1000_2000SearchPage()'><b>verifypriceFilter1000_2000SearchPage</b><br>Test class: com.craftsvilla.testcase.Sanity</td>
<td></td>
<td>0</td>
<td>com.craftsvilla.testcase.Sanity@2c7abc2e</td></tr>
<tr>
<td title='com.craftsvilla.testcase.Sanity.verifypriceFilter500_1000CategoryPage()'><b>verifypriceFilter500_1000CategoryPage</b><br>Test class: com.craftsvilla.testcase.Sanity</td>
<td></td>
<td>0</td>
<td>com.craftsvilla.testcase.Sanity@2c7abc2e</td></tr>
</table><p>
</body>
</html>