<?xml version="1.0" encoding="UTF-8"?>
<!-- Generated by org.testng.reporters.JUnitXMLReporter -->
<testsuite name="Command line test 4e6e8bef-765c-4314-8124-e269936f8ee4" tests="10" failures="2" timestamp="1 Feb 2016 09:21:54 GMT" time="2788.417" errors="0">
  <testcase name="@AfterMethod closeBrowser" time="0.0" classname="testcase.Login">
    <failure type="org.openqa.selenium.remote.SessionNotFoundException" message="The FirefoxDriver cannot be used after quit() was called.
Build info: version: &amp;apos;2.49.0&amp;apos;, revision: &amp;apos;365eeb44deba2067b1761c8862ef21d55250e063&amp;apos;, time: &amp;apos;2016-01-13 11:57:39&amp;apos;
System info: host: &amp;apos;N/A&amp;apos;, ip: &amp;apos;N/A&amp;apos;, os.name: &amp;apos;Linux&amp;apos;, os.arch: &amp;apos;amd64&amp;apos;, os.version: &amp;apos;2.6.32-573.12.1.el6.x86_64&amp;apos;, java.version: &amp;apos;1.7.0_91&amp;apos;
Driver info: driver.version: RemoteWebDriver">
      <![CDATA[org.openqa.selenium.remote.SessionNotFoundException: The FirefoxDriver cannot be used after quit() was called.
Build info: version: '2.49.0', revision: '365eeb44deba2067b1761c8862ef21d55250e063', time: '2016-01-13 11:57:39'
System info: host: 'N/A', ip: 'N/A', os.name: 'Linux', os.arch: 'amd64', os.version: '2.6.32-573.12.1.el6.x86_64', java.version: '1.7.0_91'
Driver info: driver.version: RemoteWebDriver
	at org.openqa.selenium.firefox.FirefoxDriver$LazyCommandExecutor.execute(FirefoxDriver.java:377)
	at org.openqa.selenium.remote.RemoteWebDriver.execute(RemoteWebDriver.java:644)
	at org.openqa.selenium.remote.RemoteWebDriver.execute(RemoteWebDriver.java:701)
	at org.openqa.selenium.remote.RemoteWebDriver.close(RemoteWebDriver.java:521)
	at testcase.Login.closeBrowser(Login.java:90)
	at framework.Startup.main(Startup.java:71)
... Removed 23 stack frames]]>
    </failure>
  </testcase> <!-- @AfterMethod closeBrowser -->
  <testcase name="addProductToWishlistTest" time="91.779" classname="testcase.Sanity"/>
  <testcase name="clickOnAllFeedPageTest" time="1917.427" classname="testcase.Sanity">
    <failure type="org.openqa.selenium.NoSuchElementException" message="Unable to locate element: {&amp;quot;method&amp;quot;:&amp;quot;xpath&amp;quot;,&amp;quot;selector&amp;quot;:&amp;quot;.//.[@class=\&amp;quot;hidden-sm hidden-xs\&amp;quot;]&amp;quot;}
Command duration or timeout: 49 milliseconds
For documentation on this error, please visit: http://seleniumhq.org/exceptions/no_such_element.html
Build info: version: &amp;apos;2.49.0&amp;apos;, revision: &amp;apos;365eeb44deba2067b1761c8862ef21d55250e063&amp;apos;, time: &amp;apos;2016-01-13 11:57:39&amp;apos;
System info: host: &amp;apos;N/A&amp;apos;, ip: &amp;apos;N/A&amp;apos;, os.name: &amp;apos;Linux&amp;apos;, os.arch: &amp;apos;amd64&amp;apos;, os.version: &amp;apos;2.6.32-573.12.1.el6.x86_64&amp;apos;, java.version: &amp;apos;1.7.0_91&amp;apos;
*** Element info: {Using=xpath, value=.//.[@class=&amp;quot;hidden-sm hidden-xs&amp;quot;]}
Session ID: 017fe21f-283f-4c1b-a448-a171b5bf2282
Driver info: org.openqa.selenium.firefox.FirefoxDriver
Capabilities [{platform=LINUX, acceptSslCerts=true, javascriptEnabled=true, cssSelectorsEnabled=true, databaseEnabled=true, browserName=firefox, handlesAlerts=true, nativeEvents=false, webStorageEnabled=true, rotatable=false, locationContextEnabled=true, applicationCacheEnabled=true, takesScreenshot=true, version=38.5.0}]">
      <![CDATA[org.openqa.selenium.NoSuchElementException: Unable to locate element: {"method":"xpath","selector":".//.[@class=\"hidden-sm hidden-xs\"]"}
Command duration or timeout: 49 milliseconds
For documentation on this error, please visit: http://seleniumhq.org/exceptions/no_such_element.html
Build info: version: '2.49.0', revision: '365eeb44deba2067b1761c8862ef21d55250e063', time: '2016-01-13 11:57:39'
System info: host: 'N/A', ip: 'N/A', os.name: 'Linux', os.arch: 'amd64', os.version: '2.6.32-573.12.1.el6.x86_64', java.version: '1.7.0_91'
*** Element info: {Using=xpath, value=.//.[@class="hidden-sm hidden-xs"]}
Session ID: 017fe21f-283f-4c1b-a448-a171b5bf2282
Driver info: org.openqa.selenium.firefox.FirefoxDriver
Capabilities [{platform=LINUX, acceptSslCerts=true, javascriptEnabled=true, cssSelectorsEnabled=true, databaseEnabled=true, browserName=firefox, handlesAlerts=true, nativeEvents=false, webStorageEnabled=true, rotatable=false, locationContextEnabled=true, applicationCacheEnabled=true, takesScreenshot=true, version=38.5.0}]
	at org.openqa.selenium.remote.ErrorHandler.createThrowable(ErrorHandler.java:206)
	at org.openqa.selenium.remote.ErrorHandler.throwIfResponseFailed(ErrorHandler.java:158)
	at org.openqa.selenium.remote.RemoteWebDriver.execute(RemoteWebDriver.java:678)
	at org.openqa.selenium.remote.RemoteWebDriver.findElement(RemoteWebDriver.java:363)
	at org.openqa.selenium.remote.RemoteWebDriver.findElementByXPath(RemoteWebDriver.java:500)
	at org.openqa.selenium.By$ByXPath.findElement(By.java:361)
	at org.openqa.selenium.remote.RemoteWebDriver.findElement(RemoteWebDriver.java:355)
	at framework.DriverActions.click(DriverActions.java:29)
	at pageObjects.HomePage.redirecttoHomePage(HomePage.java:204)
	at pageObjects.HomePage.clickOnAllFeedPages(HomePage.java:360)
	at testcase.Sanity.clickOnAllFeedPageTest(Sanity.java:33)
	at framework.Startup.main(Startup.java:71)
Caused by: org.openqa.selenium.NoSuchElementException: Unable to locate element: {"method":"xpath","selector":".//.[@class=\"hidden-sm hidden-xs\"]"}
For documentation on this error, please visit: http://seleniumhq.org/exceptions/no_such_element.html
Build info: version: '2.49.0', revision: '365eeb44deba2067b1761c8862ef21d55250e063', time: '2016-01-13 11:57:39'
System info: host: 'N/A', ip: 'N/A', os.name: 'Linux', os.arch: 'amd64', os.version: '2.6.32-573.12.1.el6.x86_64', java.version: '1.7.0_91'
Driver info: driver.version: unknown
	at <anonymous class>.FirefoxDriver.prototype.findElementInternal_(file:///tmp/anonymous4268035354285018863webdriver-profile/extensions/fxdriver@googlecode.com/components/driver-component.js:10675)
	at <anonymous class>.FirefoxDriver.prototype.findElement(file:///tmp/anonymous4268035354285018863webdriver-profile/extensions/fxdriver@googlecode.com/components/driver-component.js:10684)
	at <anonymous class>.DelayedCommand.prototype.executeInternal_/h(file:///tmp/anonymous4268035354285018863webdriver-profile/extensions/fxdriver@googlecode.com/components/command-processor.js:12551)
	at <anonymous class>.DelayedCommand.prototype.executeInternal_(file:///tmp/anonymous4268035354285018863webdriver-profile/extensions/fxdriver@googlecode.com/components/command-processor.js:12556)
	at <anonymous class>.DelayedCommand.prototype.execute/<(file:///tmp/anonymous4268035354285018863webdriver-profile/extensions/fxdriver@googlecode.com/components/command-processor.js:12498)
... Removed 25 stack frames]]>
    </failure>
  </testcase> <!-- clickOnAllFeedPageTest -->
  <testcase name="clickOnAllLinkFromHomePageTest" time="455.682" classname="testcase.Sanity"/>
  <testcase name="addToCartTest" time="54.432" classname="testcase.OrderPlacing"/>
  <testcase name="codOrderPlaceTest" time="114.89" classname="testcase.OrderPlacing"/>
  <testcase name="forgotPassWordEmailValidationTest" time="41.302" classname="testcase.ForgotPassWordTest"/>
  <testcase name="testforgotPassWord" time="12.075" classname="testcase.ForgotPassWordTest"/>
  <testcase name="RegisterTest" time="40.5" classname="testcase.Login"/>
  <testcase name="loginTest" time="53.096" classname="testcase.Login">
    <failure type="java.lang.AssertionError" message="expected [true] but found [false]">
      <![CDATA[java.lang.AssertionError: expected [true] but found [false]
	at testcase.Login.loginTest(Login.java:34)
	at framework.Startup.main(Startup.java:71)
... Removed 25 stack frames]]>
    </failure>
  </testcase> <!-- loginTest -->
  <testcase name="startup" time="0.0" classname="testcase.Login"/>
</testsuite> <!-- Command line test 4e6e8bef-765c-4314-8124-e269936f8ee4 -->
