<!DOCTYPE html PUBLIC "-//W3C//DTD XHTML 1.1//EN" "http://www.w3.org/TR/xhtml11/DTD/xhtml11.dtd">
<html xmlns="http://www.w3.org/1999/xhtml"><head><title>TestNG Report</title><style type="text/css">table {margin-bottom:10px;border-collapse:collapse;empty-cells:show}th,td {border:1px solid #009;padding:.25em .5em}th {vertical-align:bottom}td {vertical-align:top}table a {font-weight:bold}.stripe td {background-color: #E6EBF9}.num {text-align:right}.passedodd td {background-color: #3F3}.passedeven td {background-color: #0A0}.skippedodd td {background-color: #DDD}.skippedeven td {background-color: #CCC}.failedodd td,.attn {background-color: #F33}.failedeven td,.stripe .attn {background-color: #D00}.stacktrace {white-space:pre;font-family:monospace}.totop {font-size:85%;text-align:center;border-bottom:2px solid #000}</style></head><body><table><tr><th>Test</th><th># Passed</th><th># Skipped</th><th># Failed</th><th>Time (ms)</th><th>Included Groups</th><th>Excluded Groups</th></tr><tr><th colspan="7">Default Suite</th></tr><tr><td><a href="#t0">Command line test b3047013-a70c-45ca-bcf5-b6a77a9d28db</a></td><td class="num">1</td><td class="num attn">1</td><td class="num attn">1</td><td class="num">51,804</td><td></td><td></td></tr></table><table><thead><tr><th>Class</th><th>Method</th><th>Start</th><th>Time (ms)</th></tr></thead><tbody><tr><th colspan="4">Default Suite</th></tr></tbody><tbody id="t0"><tr><th colspan="4">Command line test b3047013-a70c-45ca-bcf5-b6a77a9d28db &#8212; failed (configuration methods)</th></tr><tr class="failedeven"><td rowspan="1">com.craftsvilla.testcase.Login</td><td><a href="#m0">closeBrowser</a></td><td rowspan="1">1470914621590</td><td rowspan="1">0</td></tr><tr><th colspan="4">Command line test b3047013-a70c-45ca-bcf5-b6a77a9d28db &#8212; failed</th></tr><tr class="failedeven"><td rowspan="1">com.craftsvilla.testcase.Login</td><td><a href="#m1">startup</a></td><td rowspan="1">1470914621589</td><td rowspan="1">1</td></tr><tr><th colspan="4">Command line test b3047013-a70c-45ca-bcf5-b6a77a9d28db &#8212; skipped</th></tr><tr class="skippedeven"><td rowspan="1">com.craftsvilla.testcase.Cart</td><td><a href="#m2">testpriceverification</a></td><td rowspan="1">1470914569805</td><td rowspan="1">0</td></tr><tr><th colspan="4">Command line test b3047013-a70c-45ca-bcf5-b6a77a9d28db &#8212; passed</th></tr><tr class="passedeven"><td rowspan="1">com.craftsvilla.testcase.Login</td><td><a href="#m3">loginTest</a></td><td rowspan="1">1470914569808</td><td rowspan="1">46695</td></tr></tbody></table><h2>Command line test b3047013-a70c-45ca-bcf5-b6a77a9d28db</h2><h3 id="m0">com.craftsvilla.testcase.Login#closeBrowser</h3><table class="result"><tr class="param"><th>Parameter #1</th></tr><tr class="param stripe"><td>[TestResult name=startup status=FAILURE method=Login.startup()[pri:0, instance:com.craftsvilla.testcase.Login@12d4bf7e] output={null}]</td></tr><tr><th>Exception</th></tr><tr><td><div class="stacktrace">org.openqa.selenium.remote.SessionNotFoundException: Session ID is null. Using WebDriver after calling quit()?
Build info: version: &apos;2.53.0&apos;, revision: &apos;35ae25b1534ae328c771e0856c93e187490ca824&apos;, time: &apos;2016-03-15 10:43:46&apos;
System info: host: &apos;shukrani-244&apos;, ip: &apos;127.0.1.1&apos;, os.name: &apos;Linux&apos;, os.arch: &apos;amd64&apos;, os.version: &apos;3.19.0-25-generic&apos;, java.version: &apos;1.8.0_92&apos;
Driver info: driver.version: RemoteWebDriver
	at org.openqa.selenium.remote.HttpCommandExecutor.execute(HttpCommandExecutor.java:134)
	at org.openqa.selenium.remote.RemoteWebDriver.execute(RemoteWebDriver.java:644)
	at org.openqa.selenium.remote.RemoteWebDriver.execute(RemoteWebDriver.java:701)
	at org.openqa.selenium.remote.RemoteWebDriver.getCurrentUrl(RemoteWebDriver.java:326)
	at com.craftsvilla.framework.FailedTestCases.actionAfterFailedTestcase(FailedTestCases.java:21)
	at com.craftsvilla.testcase.Login.closeBrowser(Login.java:93)
	at com.craftsvilla.framework.Startup.main(Startup.java:69)
... Removed 23 stack frames</div></td></tr></table><p class="totop"><a href="#summary">back to summary</a></p><h3 id="m1">com.craftsvilla.testcase.Login#startup</h3><table class="result"><tr><th>Exception</th></tr><tr><td><div class="stacktrace">java.lang.AssertionError: expected [true] but found [false]
	at com.craftsvilla.testcase.Login.startup(Login.java:23)
	at com.craftsvilla.framework.Startup.main(Startup.java:69)
... Removed 25 stack frames</div></td></tr></table><p class="totop"><a href="#summary">back to summary</a></p><h3 id="m2">com.craftsvilla.testcase.Cart#testpriceverification</h3><table class="result"><tr><th>Exception</th></tr><tr><td><div class="stacktrace">org.testng.TestNGException: 
Method testpriceverification requires 1 parameters but 0 were supplied in the @Test annotation.
	at com.craftsvilla.framework.Startup.main(Startup.java:69)
... Removed 20 stack frames</div></td></tr></table><p class="totop"><a href="#summary">back to summary</a></p><h3 id="m3">com.craftsvilla.testcase.Login#loginTest</h3><table class="result"></table><p class="totop"><a href="#summary">back to summary</a></p></body></html>